#
# A fatal error has been detected by the Java Runtime Environment:
#
#  SIGSEGV (0xb) at pc=0x00000001112462c8, pid=1613, tid=19459
#
# JRE version: Java(TM) SE Runtime Environment (8.0_77-b03) (build 1.8.0_77-b03)
# Java VM: Java HotSpot(TM) 64-Bit Server VM (25.77-b03 mixed mode bsd-amd64 compressed oops)
# Problematic frame:
# V  [libjvm.dylib+0x4462c8]
#
# Failed to write core dump. Core dumps have been disabled. To enable core dumping, try "ulimit -c unlimited" before starting Java again
#
# If you would like to submit a bug report, please visit:
#   http://bugreport.java.com/bugreport/crash.jsp
#

---------------  T H R E A D  ---------------

Current thread (0x00007ff2d4028000):  JavaThread "JDWP Transport Listener: dt_socket" daemon [_thread_in_vm, id=19459, stack(0x0000700000fca000,0x00007000010ca000)]

siginfo: si_signo: 11 (SIGSEGV), si_code: 0 (unknown), si_addr: 0x0000000000000000

Registers:
RAX=0x0000000000000001, RBX=0x00007000010c9a8b, RCX=0x0000000111615340, RDX=0x00007000010c9a8b
RSP=0x00007000010c99d0, RBP=0x00007000010c99e0, RSI=0x00007ff2d4028000, RDI=0x0002000000000000
R8 =0x000000000000000c, R9 =0x0000000000000000, R10=0x000000000000000d, R11=0x00007ff2d6b00000
R12=0x00007ff2d4028000, R13=0x0002000000000000, R14=0x0002000000000000, R15=0x00007ff2d3601e30
RIP=0x00000001112462c8, EFLAGS=0x0000000000010206, ERR=0x0000000000000000
  TRAPNO=0x000000000000000d

Top of Stack: (sp=0x00007000010c99d0)
0x00007000010c99d0:   00007000010c9a8b 00007000010c9a8b
0x00007000010c99e0:   00007000010c9a40 00000001111552fe
0x00007000010c99f0:   00007ff2d4028000 0000000000000000
0x00007000010c9a00:   0000000000000000 0000000000000000
0x00007000010c9a10:   00007ff2d4028000 00007ff2d4028000
0x00007000010c9a20:   00007000010c9a8b 00007000010c9a90
0x00007000010c9a30:   0002000000000000 0000000000000003
0x00007000010c9a40:   00007000010c9a60 0000000111daf780
0x00007000010c9a50:   0000000000000001 00007000010c9b08
0x00007000010c9a60:   00007000010c9ad0 0000000111d941f3
0x00007000010c9a70:   00007000010c9aa0 00007ff2d6b00190
0x00007000010c9a80:   0000000400000032 00000009000c9b08
0x00007000010c9a90:   0000000000000000 0000000000000000
0x00007000010c9aa0:   0000000000000000 00007000010c9c90
0x00007000010c9ab0:   0000000111db6e7a 00007ff2d6b001b0
0x00007000010c9ac0:   00007000010c9b08 0000000111dc2598
0x00007000010c9ad0:   00007000010c9ae0 0000000111d942ec
0x00007000010c9ae0:   00007000010c9d00 0000000111d9d898
0x00007000010c9af0:   00005c6e00000013 00000000000f0200
0x00007000010c9b00:   00007ff2d6b003c0 00007ff2d6b009d5
0x00007000010c9b10:   00007ff200000203 00007ff2d6b00be0
0x00007000010c9b20:   000000000000012c 00007000010c9b58
0x00007000010c9b30:   00007ff2d6b00be0 0000000000000000
0x00007000010c9b40:   00005c6e0000001c 00007fff0000ec80
0x00007000010c9b50:   00007000010c9b58 f27f000004000000
0x00007000010c9b60:   0f000000785f72d3 4e736148656c6974
0x00007000010c9b70:   0072756f68626965 7573634c28240000
0x00007000010c9b80:   36363473632f616c 2f73656d61672f30
0x00007000010c9b90:   542f736c65646f6d 005a29433b656c69
0x00007000010c9ba0:   000a000000000000 00d89962d3f27f00
0x00007000010c9bb0:   5264616572170000 6c75676e61746365
0x00007000010c9bc0:   6946646972477261 4c2868000000656c 

Instructions: (pc=0x00000001112462c8)
0x00000001112462a8:   40 48 48 85 c0 75 e0 30 c0 0f b6 c0 5d c3 31 c0
0x00000001112462b8:   5d c3 55 48 89 e5 53 48 83 ec 08 48 85 ff 74 24
0x00000001112462c8:   48 8b 1f 48 85 db 74 1c 48 83 fb 37 74 16 48 8b
0x00000001112462d8:   03 48 89 df ff 50 10 84 c0 b8 00 00 00 00 48 0f 

Register to memory mapping:

RAX=0x0000000000000001 is an unknown value
RBX=0x00007000010c9a8b is pointing into the stack for thread: 0x00007ff2d4028000
RCX=0x0000000111615340: UseMembar+0 in /Library/Java/JavaVirtualMachines/jdk1.8.0_77.jdk/Contents/Home/jre/lib/server/libjvm.dylib at 0x0000000110e00000
RDX=0x00007000010c9a8b is pointing into the stack for thread: 0x00007ff2d4028000
RSP=0x00007000010c99d0 is pointing into the stack for thread: 0x00007ff2d4028000
RBP=0x00007000010c99e0 is pointing into the stack for thread: 0x00007ff2d4028000
RSI=0x00007ff2d4028000 is a thread
RDI=0x0002000000000000 is an unknown value
R8 =0x000000000000000c is an unknown value
R9 =0x0000000000000000 is an unknown value
R10=0x000000000000000d is an unknown value
R11=0x00007ff2d6b00000 is an unknown value
R12=0x00007ff2d4028000 is a thread
R13=0x0002000000000000 is an unknown value
R14=0x0002000000000000 is an unknown value
R15=0x00007ff2d3601e30 is an unknown value


Stack: [0x0000700000fca000,0x00007000010ca000],  sp=0x00007000010c99d0,  free space=1022k
Native frames: (J=compiled Java code, j=interpreted, Vv=VM code, C=native code)
V  [libjvm.dylib+0x4462c8]
V  [libjvm.dylib+0x3552fe]
C  [libjdwp.dylib+0x20780]  isMethodSynthetic+0x63
C  [libjdwp.dylib+0x51f3]  methods1+0x10b
C  [libjdwp.dylib+0x52ec]  methodsWithGeneric+0xe
C  [libjdwp.dylib+0xe898]  debugLoop_run+0x1ce
C  [libjdwp.dylib+0x1f6ba]  attachThread+0x4d
V  [libjvm.dylib+0x39665c]
V  [libjvm.dylib+0x560e03]
V  [libjvm.dylib+0x5624fe]
V  [libjvm.dylib+0x482eda]
C  [libsystem_pthread.dylib+0x399d]  _pthread_body+0x83
C  [libsystem_pthread.dylib+0x391a]  _pthread_body+0x0
C  [libsystem_pthread.dylib+0x1351]  thread_start+0xd
C  0x0000000000000000


---------------  P R O C E S S  ---------------

Java Threads: ( => current thread )
  0x00007ff2d3831800 JavaThread "ReaderThread" [_thread_in_native, id=24067, stack(0x00007000018e5000,0x00007000019e5000)]
  0x00007ff2d4817000 JavaThread "Service Thread" daemon [_thread_blocked, id=23043, stack(0x00007000016df000,0x00007000017df000)]
  0x00007ff2d4028800 JavaThread "C1 CompilerThread3" daemon [_thread_blocked, id=22531, stack(0x00007000015dc000,0x00007000016dc000)]
  0x00007ff2d4029800 JavaThread "C2 CompilerThread2" daemon [_thread_blocked, id=22019, stack(0x00007000014d9000,0x00007000015d9000)]
  0x00007ff2d504a800 JavaThread "C2 CompilerThread1" daemon [_thread_blocked, id=21507, stack(0x00007000013d6000,0x00007000014d6000)]
  0x00007ff2d503e000 JavaThread "C2 CompilerThread0" daemon [_thread_blocked, id=20995, stack(0x00007000012d3000,0x00007000013d3000)]
  0x00007ff2d3804800 JavaThread "JDWP Command Reader" daemon [_thread_in_native, id=20483, stack(0x00007000011d0000,0x00007000012d0000)]
  0x00007ff2d503f000 JavaThread "JDWP Event Helper Thread" daemon [_thread_blocked, id=19971, stack(0x00007000010cd000,0x00007000011cd000)]
=>0x00007ff2d4028000 JavaThread "JDWP Transport Listener: dt_socket" daemon [_thread_in_vm, id=19459, stack(0x0000700000fca000,0x00007000010ca000)]
  0x00007ff2d3830000 JavaThread "Signal Dispatcher" daemon [_thread_blocked, id=18707, stack(0x0000700000ec7000,0x0000700000fc7000)]
  0x00007ff2d503a000 JavaThread "Finalizer" daemon [_thread_blocked, id=14339, stack(0x0000700000c3b000,0x0000700000d3b000)]
  0x00007ff2d4001000 JavaThread "Reference Handler" daemon [_thread_blocked, id=13827, stack(0x0000700000b38000,0x0000700000c38000)]
  0x00007ff2d380c000 JavaThread "main" [_thread_blocked, id=5891, stack(0x000070000011a000,0x000070000021a000)]

Other Threads:
  0x00007ff2d4811000 VMThread [stack: 0x0000700000a35000,0x0000700000b35000] [id=13315]
  0x00007ff2d4818000 WatcherThread [stack: 0x00007000017e2000,0x00007000018e2000] [id=23555]

VM state:not at safepoint (normal execution)

VM Mutex/Monitor currently owned by a thread: None

Heap:
 PSYoungGen      total 76288K, used 9175K [0x000000076ab00000, 0x0000000770000000, 0x00000007c0000000)
  eden space 65536K, 14% used [0x000000076ab00000,0x000000076b3f5f60,0x000000076eb00000)
  from space 10752K, 0% used [0x000000076f580000,0x000000076f580000,0x0000000770000000)
  to   space 10752K, 0% used [0x000000076eb00000,0x000000076eb00000,0x000000076f580000)
 ParOldGen       total 175104K, used 0K [0x00000006c0000000, 0x00000006cab00000, 0x000000076ab00000)
  object space 175104K, 0% used [0x00000006c0000000,0x00000006c0000000,0x00000006cab00000)
 Metaspace       used 4866K, capacity 5172K, committed 5248K, reserved 1056768K
  class space    used 570K, capacity 624K, committed 640K, reserved 1048576K

Card table byte_map: [0x000000012119a000,0x000000012199b000] byte_map_base: 0x000000011db9a000

Marking Bits: (ParMarkBitMap*) 0x00000001116e3ea0
 Begin Bits: [0x0000000121ef1000, 0x0000000125ef1000)
 End Bits:   [0x0000000125ef1000, 0x0000000129ef1000)

Polling page: 0x000000010fdcb000

CodeCache: size=245760Kb used=1587Kb max_used=1599Kb free=244172Kb
 bounds [0x0000000111dda000, 0x000000011204a000, 0x0000000120dda000]
 total_blobs=525 nmethods=250 adapters=197
 compilation: enabled

Compilation events (10 events):
Event: 295.183 Thread 0x00007ff2d4028800  254       3       java.nio.Buffer::position (43 bytes)
Event: 295.183 Thread 0x00007ff2d4029800  256       4       java.lang.String::<init> (82 bytes)
Event: 295.183 Thread 0x00007ff2d4028800 nmethod 254 0x0000000111ee8950 code [0x0000000111ee8ae0, 0x0000000111ee8da8]
Event: 295.183 Thread 0x00007ff2d4028800  255       1       java.nio.Buffer::capacity (5 bytes)
Event: 295.184 Thread 0x00007ff2d4028800 nmethod 255 0x0000000111eeeb10 code [0x0000000111eeec60, 0x0000000111eeed70]
Event: 295.184 Thread 0x00007ff2d4028800  258       3       java.util.regex.Matcher::group (112 bytes)
Event: 295.184 Thread 0x00007ff2d4028800 nmethod 258 0x0000000111f68e10 code [0x0000000111f69060, 0x0000000111f69e48]
Event: 295.184 Thread 0x00007ff2d4028800  259       3       java.util.regex.Matcher::groupCount (10 bytes)
Event: 295.184 Thread 0x00007ff2d4028800 nmethod 259 0x0000000111eee790 code [0x0000000111eee900, 0x0000000111eeea70]
Event: 295.186 Thread 0x00007ff2d4029800 nmethod 256 0x0000000111f63a50 code [0x0000000111f63bc0, 0x0000000111f63fb8]

GC Heap History (0 events):
No events

Deoptimization events (1 events):
Event: 0.210 Thread 0x00007ff2d380c000 Uncommon trap: reason=unstable_if action=reinterpret pc=0x0000000111f3ccd4 method=java.lang.String.indexOf([CII[CIII)I @ 123

Internal exceptions (6 events):
Event: 0.027 Thread 0x00007ff2d380c000 Exception <a 'java/lang/NoSuchMethodError': Method sun.misc.Unsafe.defineClass(Ljava/lang/String;[BII)Ljava/lang/Class; name or signature does not match> (0x000000076ab07cc0) thrown at [/Users/java_re/workspace/8-2-build-macosx-x86_64/jdk8u77/6540/hotspot
Event: 0.027 Thread 0x00007ff2d380c000 Exception <a 'java/lang/NoSuchMethodError': Method sun.misc.Unsafe.prefetchRead(Ljava/lang/Object;J)V name or signature does not match> (0x000000076ab07fa8) thrown at [/Users/java_re/workspace/8-2-build-macosx-x86_64/jdk8u77/6540/hotspot/src/share/vm/prim
Event: 0.211 Thread 0x00007ff2d380c000 Exception <a 'java/security/PrivilegedActionException'> (0x000000076b1df3c8) thrown at [/Users/java_re/workspace/8-2-build-macosx-x86_64/jdk8u77/6540/hotspot/src/share/vm/prims/jvm.cpp, line 1386]
Event: 0.211 Thread 0x00007ff2d380c000 Exception <a 'java/security/PrivilegedActionException'> (0x000000076b1df7c0) thrown at [/Users/java_re/workspace/8-2-build-macosx-x86_64/jdk8u77/6540/hotspot/src/share/vm/prims/jvm.cpp, line 1386]
Event: 0.211 Thread 0x00007ff2d380c000 Exception <a 'java/security/PrivilegedActionException'> (0x000000076b1e2e30) thrown at [/Users/java_re/workspace/8-2-build-macosx-x86_64/jdk8u77/6540/hotspot/src/share/vm/prims/jvm.cpp, line 1386]
Event: 0.211 Thread 0x00007ff2d380c000 Exception <a 'java/security/PrivilegedActionException'> (0x000000076b1e3228) thrown at [/Users/java_re/workspace/8-2-build-macosx-x86_64/jdk8u77/6540/hotspot/src/share/vm/prims/jvm.cpp, line 1386]

Events (10 events):
Event: 2329.637 Executing VM operation: GetCurrentLocation
Event: 2329.637 Executing VM operation: GetCurrentLocation done
Event: 2329.637 Executing VM operation: EnterInterpOnlyMode
Event: 2329.637 Executing VM operation: EnterInterpOnlyMode done
Event: 2329.637 Executing VM operation: ChangeSingleStep
Event: 2329.637 Executing VM operation: ChangeSingleStep done
Event: 2329.637 Executing VM operation: ChangeSingleStep
Event: 2329.637 Executing VM operation: ChangeSingleStep done
Event: 2329.639 Executing VM operation: RedefineClasses
Event: 2329.641 Executing VM operation: RedefineClasses done


Dynamic libraries:
0x0000000003a28000 	/System/Library/Frameworks/Cocoa.framework/Versions/A/Cocoa
0x0000000003a28000 	/System/Library/Frameworks/Security.framework/Versions/A/Security
0x0000000003a28000 	/System/Library/Frameworks/ApplicationServices.framework/Versions/A/ApplicationServices
0x0000000003a28000 	/usr/lib/libz.1.dylib
0x0000000003a28000 	/usr/lib/libSystem.B.dylib
0x0000000003a28000 	/usr/lib/libobjc.A.dylib
0x0000000003a28000 	/System/Library/Frameworks/CoreFoundation.framework/Versions/A/CoreFoundation
0x0000000003a28000 	/System/Library/Frameworks/Foundation.framework/Versions/C/Foundation
0x0000000003a28000 	/System/Library/Frameworks/AppKit.framework/Versions/C/AppKit
0x0000000003a28000 	/System/Library/Frameworks/CoreData.framework/Versions/A/CoreData
0x0000000003a28000 	/System/Library/PrivateFrameworks/RemoteViewServices.framework/Versions/A/RemoteViewServices
0x0000000003a28000 	/System/Library/PrivateFrameworks/UIFoundation.framework/Versions/A/UIFoundation
0x0000000003a28000 	/usr/lib/libScreenReader.dylib
0x0000000003a28000 	/System/Library/Frameworks/Accelerate.framework/Versions/A/Accelerate
0x0000000003a28000 	/System/Library/Frameworks/IOSurface.framework/Versions/A/IOSurface
0x0000000003a28000 	/System/Library/Frameworks/AudioToolbox.framework/Versions/A/AudioToolbox
0x0000000003a28000 	/System/Library/Frameworks/AudioUnit.framework/Versions/A/AudioUnit
0x0000000003a28000 	/System/Library/PrivateFrameworks/DataDetectorsCore.framework/Versions/A/DataDetectorsCore
0x0000000003a28000 	/System/Library/PrivateFrameworks/DesktopServicesPriv.framework/Versions/A/DesktopServicesPriv
0x0000000003a28000 	/System/Library/Frameworks/Carbon.framework/Versions/A/Frameworks/HIToolbox.framework/Versions/A/HIToolbox
0x0000000003a28000 	/System/Library/Frameworks/QuartzCore.framework/Versions/A/QuartzCore
0x0000000003a28000 	/System/Library/Frameworks/Carbon.framework/Versions/A/Frameworks/SpeechRecognition.framework/Versions/A/SpeechRecognition
0x0000000003a28000 	/usr/lib/libauto.dylib
0x0000000003a28000 	/usr/lib/libicucore.A.dylib
0x0000000003a28000 	/usr/lib/libxml2.2.dylib
0x0000000003a28000 	/System/Library/PrivateFrameworks/CoreUI.framework/Versions/A/CoreUI
0x0000000003a28000 	/System/Library/Frameworks/CoreAudio.framework/Versions/A/CoreAudio
0x0000000003a28000 	/System/Library/Frameworks/DiskArbitration.framework/Versions/A/DiskArbitration
0x0000000003a28000 	/usr/lib/liblangid.dylib
0x0000000003a28000 	/System/Library/PrivateFrameworks/MultitouchSupport.framework/Versions/A/MultitouchSupport
0x0000000003a28000 	/System/Library/Frameworks/IOKit.framework/Versions/A/IOKit
0x0000000003a28000 	/usr/lib/libDiagnosticMessagesClient.dylib
0x0000000003a28000 	/System/Library/Frameworks/CoreServices.framework/Versions/A/CoreServices
0x0000000003a28000 	/System/Library/PrivateFrameworks/PerformanceAnalysis.framework/Versions/A/PerformanceAnalysis
0x0000000003a28000 	/System/Library/PrivateFrameworks/GenerationalStorage.framework/Versions/A/GenerationalStorage
0x0000000003a28000 	/System/Library/Frameworks/OpenGL.framework/Versions/A/OpenGL
0x0000000003a28000 	/System/Library/PrivateFrameworks/Sharing.framework/Versions/A/Sharing
0x0000000003a28000 	/System/Library/Frameworks/CoreGraphics.framework/Versions/A/CoreGraphics
0x0000000003a28000 	/System/Library/Frameworks/CoreImage.framework/Versions/A/CoreImage
0x0000000003a28000 	/System/Library/Frameworks/CoreText.framework/Versions/A/CoreText
0x0000000003a28000 	/System/Library/Frameworks/ImageIO.framework/Versions/A/ImageIO
0x0000000003a28000 	/System/Library/PrivateFrameworks/Backup.framework/Versions/A/Backup
0x0000000003a28000 	/usr/lib/libextension.dylib
0x0000000003a28000 	/usr/lib/libarchive.2.dylib
0x0000000003a28000 	/System/Library/Frameworks/CFNetwork.framework/Versions/A/CFNetwork
0x0000000003a28000 	/System/Library/Frameworks/SystemConfiguration.framework/Versions/A/SystemConfiguration
0x0000000003a28000 	/usr/lib/libCRFSuite.dylib
0x0000000003a28000 	/usr/lib/libc++.1.dylib
0x0000000003a28000 	/usr/lib/libc++abi.dylib
0x0000000003a28000 	/usr/lib/system/libcache.dylib
0x0000000003a28000 	/usr/lib/system/libcommonCrypto.dylib
0x0000000003a28000 	/usr/lib/system/libcompiler_rt.dylib
0x0000000003a28000 	/usr/lib/system/libcopyfile.dylib
0x0000000003a28000 	/usr/lib/system/libcorecrypto.dylib
0x0000000003a28000 	/usr/lib/system/libdispatch.dylib
0x0000000003a28000 	/usr/lib/system/libdyld.dylib
0x0000000003a28000 	/usr/lib/system/libkeymgr.dylib
0x0000000003a28000 	/usr/lib/system/liblaunch.dylib
0x0000000003a28000 	/usr/lib/system/libmacho.dylib
0x0000000003a28000 	/usr/lib/system/libquarantine.dylib
0x0000000003a28000 	/usr/lib/system/libremovefile.dylib
0x0000000003a28000 	/usr/lib/system/libsystem_asl.dylib
0x0000000003a28000 	/usr/lib/system/libsystem_blocks.dylib
0x0000000003a28000 	/usr/lib/system/libsystem_c.dylib
0x0000000003a28000 	/usr/lib/system/libsystem_configuration.dylib
0x0000000003a28000 	/usr/lib/system/libsystem_coreservices.dylib
0x0000000003a28000 	/usr/lib/system/libsystem_coretls.dylib
0x0000000003a28000 	/usr/lib/system/libsystem_dnssd.dylib
0x0000000003a28000 	/usr/lib/system/libsystem_info.dylib
0x0000000003a28000 	/usr/lib/system/libsystem_kernel.dylib
0x0000000003a28000 	/usr/lib/system/libsystem_m.dylib
0x0000000003a28000 	/usr/lib/system/libsystem_malloc.dylib
0x0000000003a28000 	/usr/lib/system/libsystem_network.dylib
0x0000000003a28000 	/usr/lib/system/libsystem_networkextension.dylib
0x0000000003a28000 	/usr/lib/system/libsystem_notify.dylib
0x0000000003a28000 	/usr/lib/system/libsystem_platform.dylib
0x0000000003a28000 	/usr/lib/system/libsystem_pthread.dylib
0x0000000003a28000 	/usr/lib/system/libsystem_sandbox.dylib
0x0000000003a28000 	/usr/lib/system/libsystem_secinit.dylib
0x0000000003a28000 	/usr/lib/system/libsystem_trace.dylib
0x0000000003a28000 	/usr/lib/system/libunc.dylib
0x0000000003a28000 	/usr/lib/system/libunwind.dylib
0x0000000003a28000 	/usr/lib/system/libxpc.dylib
0x0000000003a28000 	/usr/lib/libenergytrace.dylib
0x0000000003a28000 	/usr/lib/libbsm.0.dylib
0x0000000003a28000 	/usr/lib/system/libkxld.dylib
0x0000000003a28000 	/usr/lib/libxar.1.dylib
0x0000000003a28000 	/usr/lib/libsqlite3.dylib
0x0000000003a28000 	/usr/lib/libpam.2.dylib
0x0000000003a28000 	/usr/lib/libOpenScriptingUtil.dylib
0x0000000003a28000 	/usr/lib/libbz2.1.0.dylib
0x0000000003a28000 	/usr/lib/liblzma.5.dylib
0x0000000003a28000 	/System/Library/Frameworks/CoreServices.framework/Versions/A/Frameworks/FSEvents.framework/Versions/A/FSEvents
0x0000000003a28000 	/System/Library/Frameworks/CoreServices.framework/Versions/A/Frameworks/CarbonCore.framework/Versions/A/CarbonCore
0x0000000003a28000 	/System/Library/Frameworks/CoreServices.framework/Versions/A/Frameworks/Metadata.framework/Versions/A/Metadata
0x0000000003a28000 	/System/Library/Frameworks/CoreServices.framework/Versions/A/Frameworks/OSServices.framework/Versions/A/OSServices
0x0000000003a28000 	/System/Library/Frameworks/CoreServices.framework/Versions/A/Frameworks/SearchKit.framework/Versions/A/SearchKit
0x0000000003a28000 	/System/Library/Frameworks/CoreServices.framework/Versions/A/Frameworks/AE.framework/Versions/A/AE
0x0000000003a28000 	/System/Library/Frameworks/CoreServices.framework/Versions/A/Frameworks/LaunchServices.framework/Versions/A/LaunchServices
0x0000000003a28000 	/System/Library/Frameworks/CoreServices.framework/Versions/A/Frameworks/DictionaryServices.framework/Versions/A/DictionaryServices
0x0000000003a28000 	/System/Library/Frameworks/CoreServices.framework/Versions/A/Frameworks/SharedFileList.framework/Versions/A/SharedFileList
0x0000000003a28000 	/System/Library/Frameworks/NetFS.framework/Versions/A/NetFS
0x0000000003a28000 	/System/Library/PrivateFrameworks/NetAuth.framework/Versions/A/NetAuth
0x0000000003a28000 	/System/Library/PrivateFrameworks/login.framework/Versions/A/Frameworks/loginsupport.framework/Versions/A/loginsupport
0x0000000003a28000 	/System/Library/PrivateFrameworks/TCC.framework/Versions/A/TCC
0x0000000003a28000 	/usr/lib/libmecabra.dylib
0x0000000003a28000 	/System/Library/Frameworks/ApplicationServices.framework/Versions/A/Frameworks/ATS.framework/Versions/A/ATS
0x0000000003a28000 	/System/Library/Frameworks/ApplicationServices.framework/Versions/A/Frameworks/ColorSync.framework/Versions/A/ColorSync
0x0000000003a28000 	/System/Library/Frameworks/ApplicationServices.framework/Versions/A/Frameworks/HIServices.framework/Versions/A/HIServices
0x0000000003a28000 	/System/Library/Frameworks/ApplicationServices.framework/Versions/A/Frameworks/LangAnalysis.framework/Versions/A/LangAnalysis
0x0000000003a28000 	/System/Library/Frameworks/ApplicationServices.framework/Versions/A/Frameworks/PrintCore.framework/Versions/A/PrintCore
0x0000000003a28000 	/System/Library/Frameworks/ApplicationServices.framework/Versions/A/Frameworks/QD.framework/Versions/A/QD
0x0000000003a28000 	/System/Library/Frameworks/ApplicationServices.framework/Versions/A/Frameworks/SpeechSynthesis.framework/Versions/A/SpeechSynthesis
0x0000000003a28000 	/System/Library/Frameworks/Metal.framework/Versions/A/Metal
0x0000000003a28000 	/System/Library/Frameworks/Accelerate.framework/Versions/A/Frameworks/vImage.framework/Versions/A/vImage
0x0000000003a28000 	/System/Library/Frameworks/Accelerate.framework/Versions/A/Frameworks/vecLib.framework/Versions/A/vecLib
0x0000000003a28000 	/System/Library/Frameworks/Accelerate.framework/Versions/A/Frameworks/vecLib.framework/Versions/A/libvDSP.dylib
0x0000000003a28000 	/System/Library/Frameworks/Accelerate.framework/Versions/A/Frameworks/vecLib.framework/Versions/A/libvMisc.dylib
0x0000000003a28000 	/System/Library/Frameworks/Accelerate.framework/Versions/A/Frameworks/vecLib.framework/Versions/A/libLAPACK.dylib
0x0000000003a28000 	/System/Library/Frameworks/Accelerate.framework/Versions/A/Frameworks/vecLib.framework/Versions/A/libBLAS.dylib
0x0000000003a28000 	/System/Library/Frameworks/Accelerate.framework/Versions/A/Frameworks/vecLib.framework/Versions/A/libLinearAlgebra.dylib
0x0000000003a28000 	/System/Library/Frameworks/Accelerate.framework/Versions/A/Frameworks/vecLib.framework/Versions/A/libSparseBLAS.dylib
0x0000000003a28000 	/System/Library/PrivateFrameworks/GPUCompiler.framework/libmetal_timestamp.dylib
0x0000000003a28000 	/System/Library/Frameworks/OpenGL.framework/Versions/A/Libraries/libCoreFSCache.dylib
0x0000000003a28000 	/System/Library/PrivateFrameworks/IOAccelerator.framework/Versions/A/IOAccelerator
0x0000000003a28000 	/System/Library/Frameworks/ApplicationServices.framework/Versions/A/Frameworks/ATS.framework/Versions/A/Resources/libFontParser.dylib
0x0000000003a28000 	/System/Library/Frameworks/ApplicationServices.framework/Versions/A/Frameworks/ATS.framework/Versions/A/Resources/libFontRegistry.dylib
0x0000000003a28000 	/System/Library/PrivateFrameworks/AppleVPA.framework/Versions/A/AppleVPA
0x0000000003a28000 	/System/Library/PrivateFrameworks/AppleJPEG.framework/Versions/A/AppleJPEG
0x0000000003a28000 	/System/Library/Frameworks/ImageIO.framework/Versions/A/Resources/libJPEG.dylib
0x0000000003a28000 	/System/Library/Frameworks/ImageIO.framework/Versions/A/Resources/libTIFF.dylib
0x0000000003a28000 	/System/Library/Frameworks/ImageIO.framework/Versions/A/Resources/libPng.dylib
0x0000000003a28000 	/System/Library/Frameworks/ImageIO.framework/Versions/A/Resources/libGIF.dylib
0x0000000003a28000 	/System/Library/Frameworks/ImageIO.framework/Versions/A/Resources/libJP2.dylib
0x0000000003a28000 	/System/Library/Frameworks/ImageIO.framework/Versions/A/Resources/libRadiance.dylib
0x0000000003a28000 	/System/Library/Frameworks/CoreVideo.framework/Versions/A/CoreVideo
0x0000000003a28000 	/System/Library/Frameworks/OpenGL.framework/Versions/A/Libraries/libGLU.dylib
0x0000000003a28000 	/System/Library/Frameworks/OpenGL.framework/Versions/A/Libraries/libGFXShared.dylib
0x0000000003a28000 	/System/Library/Frameworks/OpenGL.framework/Versions/A/Libraries/libGL.dylib
0x0000000003a28000 	/System/Library/Frameworks/OpenGL.framework/Versions/A/Libraries/libGLImage.dylib
0x0000000003a28000 	/System/Library/Frameworks/OpenGL.framework/Versions/A/Libraries/libCVMSPluginSupport.dylib
0x0000000003a28000 	/System/Library/Frameworks/OpenGL.framework/Versions/A/Libraries/libCoreVMClient.dylib
0x0000000003a28000 	/usr/lib/libcompression.dylib
0x0000000003a28000 	/usr/lib/libcups.2.dylib
0x0000000003a28000 	/System/Library/Frameworks/Kerberos.framework/Versions/A/Kerberos
0x0000000003a28000 	/System/Library/Frameworks/GSS.framework/Versions/A/GSS
0x0000000003a28000 	/usr/lib/libresolv.9.dylib
0x0000000003a28000 	/usr/lib/libiconv.2.dylib
0x0000000003a28000 	/System/Library/PrivateFrameworks/Heimdal.framework/Versions/A/Heimdal
0x0000000003a28000 	/usr/lib/libheimdal-asn1.dylib
0x0000000003a28000 	/System/Library/Frameworks/OpenDirectory.framework/Versions/A/OpenDirectory
0x0000000003a28000 	/System/Library/PrivateFrameworks/CommonAuth.framework/Versions/A/CommonAuth
0x0000000003a28000 	/System/Library/Frameworks/OpenDirectory.framework/Versions/A/Frameworks/CFOpenDirectory.framework/Versions/A/CFOpenDirectory
0x0000000003a28000 	/System/Library/Frameworks/SecurityFoundation.framework/Versions/A/SecurityFoundation
0x0000000003a28000 	/System/Library/PrivateFrameworks/LanguageModeling.framework/Versions/A/LanguageModeling
0x0000000003a28000 	/usr/lib/libmarisa.dylib
0x0000000003a28000 	/usr/lib/libChineseTokenizer.dylib
0x0000000003a28000 	/usr/lib/libcmph.dylib
0x0000000003a28000 	/System/Library/Frameworks/ServiceManagement.framework/Versions/A/ServiceManagement
0x0000000003a28000 	/usr/lib/libxslt.1.dylib
0x0000000003a28000 	/System/Library/Frameworks/Carbon.framework/Versions/A/Frameworks/Ink.framework/Versions/A/Ink
0x0000000003a28000 	/usr/lib/libFosl_dynamic.dylib
0x0000000003a28000 	/System/Library/PrivateFrameworks/FaceCore.framework/Versions/A/FaceCore
0x0000000003a28000 	/System/Library/Frameworks/OpenCL.framework/Versions/A/OpenCL
0x0000000003a28000 	/System/Library/PrivateFrameworks/CrashReporterSupport.framework/Versions/A/CrashReporterSupport
0x0000000003a28000 	/System/Library/PrivateFrameworks/IconServices.framework/Versions/A/IconServices
0x0000000003a28000 	/System/Library/PrivateFrameworks/Apple80211.framework/Versions/A/Apple80211
0x0000000003a28000 	/System/Library/Frameworks/CoreWLAN.framework/Versions/A/CoreWLAN
0x0000000003a28000 	/System/Library/Frameworks/IOBluetooth.framework/Versions/A/IOBluetooth
0x0000000003a28000 	/System/Library/PrivateFrameworks/CoreWiFi.framework/Versions/A/CoreWiFi
0x0000000003a28000 	/System/Library/Frameworks/CoreBluetooth.framework/Versions/A/CoreBluetooth
0x0000000003a28000 	/System/Library/PrivateFrameworks/ChunkingLibrary.framework/Versions/A/ChunkingLibrary
0x0000000003a28000 	/System/Library/PrivateFrameworks/DebugSymbols.framework/Versions/A/DebugSymbols
0x0000000003a28000 	/System/Library/PrivateFrameworks/CoreSymbolication.framework/Versions/A/CoreSymbolication
0x0000000003a28000 	/System/Library/PrivateFrameworks/Symbolication.framework/Versions/A/Symbolication
0x0000000003a28000 	/System/Library/PrivateFrameworks/SpeechRecognitionCore.framework/Versions/A/SpeechRecognitionCore
0x0000000110e00000 	/Library/Java/JavaVirtualMachines/jdk1.8.0_77.jdk/Contents/Home/jre/lib/server/libjvm.dylib
0x0000000003a28000 	/usr/lib/libstdc++.6.dylib
0x000000010fd88000 	/Library/Java/JavaVirtualMachines/jdk1.8.0_77.jdk/Contents/Home/jre/lib/libverify.dylib
0x000000010fd96000 	/Library/Java/JavaVirtualMachines/jdk1.8.0_77.jdk/Contents/Home/jre/lib/libjava.dylib
0x0000000111d8f000 	/Library/Java/JavaVirtualMachines/jdk1.8.0_77.jdk/Contents/Home/jre/lib/libjdwp.dylib
0x000000010fdcc000 	/Library/Java/JavaVirtualMachines/jdk1.8.0_77.jdk/Contents/Home/jre/lib/libnpt.dylib
0x000000010fdd9000 	/Library/Java/JavaVirtualMachines/jdk1.8.0_77.jdk/Contents/Home/jre/lib/libzip.dylib
0x000000010fde3000 	/System/Library/Frameworks/JavaVM.framework/Frameworks/JavaRuntimeSupport.framework/JavaRuntimeSupport
0x000000012ce8f000 	/System/Library/Frameworks/JavaVM.framework/Versions/A/Frameworks/JavaNativeFoundation.framework/Versions/A/JavaNativeFoundation
0x000000012cea4000 	/System/Library/Frameworks/JavaVM.framework/Versions/A/JavaVM
0x0000000003a28000 	/System/Library/Frameworks/Carbon.framework/Versions/A/Carbon
0x000000012ceb1000 	/System/Library/PrivateFrameworks/JavaLaunching.framework/Versions/A/JavaLaunching
0x0000000003a28000 	/System/Library/Frameworks/Carbon.framework/Versions/A/Frameworks/CommonPanels.framework/Versions/A/CommonPanels
0x0000000003a28000 	/System/Library/Frameworks/Carbon.framework/Versions/A/Frameworks/Help.framework/Versions/A/Help
0x0000000003a28000 	/System/Library/Frameworks/Carbon.framework/Versions/A/Frameworks/ImageCapture.framework/Versions/A/ImageCapture
0x0000000003a28000 	/System/Library/Frameworks/Carbon.framework/Versions/A/Frameworks/OpenScripting.framework/Versions/A/OpenScripting
0x0000000003a28000 	/System/Library/Frameworks/Carbon.framework/Versions/A/Frameworks/Print.framework/Versions/A/Print
0x0000000003a28000 	/System/Library/Frameworks/Carbon.framework/Versions/A/Frameworks/SecurityHI.framework/Versions/A/SecurityHI
0x000000012e7d2000 	/Library/Java/JavaVirtualMachines/jdk1.8.0_77.jdk/Contents/Home/jre/lib/libdt_socket.dylib
0x000000012e80f000 	/Library/Java/JavaVirtualMachines/jdk1.8.0_77.jdk/Contents/Home/jre/lib/libnet.dylib
0x000000012e86e000 	/Library/Java/JavaVirtualMachines/jdk1.8.0_77.jdk/Contents/Home/jre/lib/libnio.dylib

VM Arguments:
jvm_args: -agentlib:jdwp=transport=dt_socket,suspend=y,address=localhost:54614 -Dfile.encoding=UTF-8 
java_command: org.eclipse.jdt.internal.junit.runner.RemoteTestRunner -version 3 -port 54613 -testLoaderClass org.eclipse.jdt.internal.junit4.runner.JUnit4TestLoader -loaderpluginname org.eclipse.jdt.junit4.runtime -classNames csula.cs4660.graphs.search.AStarTest
java_class_path (initial): /Users/mohan/Documents/AILatest/bin:/Users/mohan/.gradle/caches/modules-2/files-2.1/com.google.guava/guava/19.0/6ce200f6b23222af3d8abb6b6459e6c44f4bb0e9/guava-19.0.jar:/Users/mohan/.gradle/caches/modules-2/files-2.1/junit/junit/4.11/4e031bb61df09069aeb2bffb4019e7a5034a4ee0/junit-4.11.jar:/Users/mohan/.gradle/caches/modules-2/files-2.1/org.hamcrest/hamcrest-core/1.3/42a25dc3219429f0e5d060061f71acb49bf010a0/hamcrest-core-1.3.jar:/Users/mohan/Documents/Eclipse.app/Contents/Eclipse/configuration/org.eclipse.osgi/380/0/.cp/:/Users/mohan/Documents/Eclipse.app/Contents/Eclipse/configuration/org.eclipse.osgi/379/0/.cp/
Launcher Type: SUN_STANDARD

Environment Variables:
PATH=/usr/bin:/bin:/usr/sbin:/sbin
SHELL=/bin/bash

Signal Handlers:
SIGSEGV: [libjvm.dylib+0x5a6855], sa_mask[0]=11111111011111110111111111111111, sa_flags=SA_ONSTACK|SA_RESTART|SA_SIGINFO
SIGBUS: [libjvm.dylib+0x5a6855], sa_mask[0]=11111111011111110111111111111111, sa_flags=SA_RESTART|SA_SIGINFO
SIGFPE: [libjvm.dylib+0x4804ec], sa_mask[0]=11111111011111110111111111111111, sa_flags=SA_RESTART|SA_SIGINFO
SIGPIPE: [libjvm.dylib+0x4804ec], sa_mask[0]=11111111011111110111111111111111, sa_flags=SA_RESTART|SA_SIGINFO
SIGXFSZ: [libjvm.dylib+0x4804ec], sa_mask[0]=11111111011111110111111111111111, sa_flags=SA_RESTART|SA_SIGINFO
SIGILL: [libjvm.dylib+0x4804ec], sa_mask[0]=11111111011111110111111111111111, sa_flags=SA_RESTART|SA_SIGINFO
SIGUSR1: SIG_DFL, sa_mask[0]=00000000000000000000000000000000, sa_flags=none
SIGUSR2: [libjvm.dylib+0x48000a], sa_mask[0]=00100000000000000000000000000000, sa_flags=SA_RESTART|SA_SIGINFO
SIGHUP: [libjvm.dylib+0x47e5e1], sa_mask[0]=11111111011111110111111111111111, sa_flags=SA_RESTART|SA_SIGINFO
SIGINT: [libjvm.dylib+0x47e5e1], sa_mask[0]=11111111011111110111111111111111, sa_flags=SA_RESTART|SA_SIGINFO
SIGTERM: [libjvm.dylib+0x47e5e1], sa_mask[0]=11111111011111110111111111111111, sa_flags=SA_RESTART|SA_SIGINFO
SIGQUIT: [libjvm.dylib+0x47e5e1], sa_mask[0]=11111111011111110111111111111111, sa_flags=SA_RESTART|SA_SIGINFO


---------------  S Y S T E M  ---------------

OS:Bsduname:Darwin 15.6.0 Darwin Kernel Version 15.6.0: Thu Jun 23 18:25:34 PDT 2016; root:xnu-3248.60.10~1/RELEASE_X86_64 x86_64
rlimit: STACK 8192k, CORE 0k, NPROC 709, NOFILE 10240, AS infinity
load average:1.45 1.62 1.58

CPU:total 8 (4 cores per cpu, 2 threads per core) family 6 model 70 stepping 1, cmov, cx8, fxsr, mmx, sse, sse2, sse3, ssse3, sse4.1, sse4.2, popcnt, avx, avx2, aes, clmul, erms, lzcnt, ht, tsc, tscinvbit, bmi1, bmi2

Memory: 4k page, physical 16777216k(1088704k free)

/proc/meminfo:


vm_info: Java HotSpot(TM) 64-Bit Server VM (25.77-b03) for bsd-amd64 JRE (1.8.0_77-b03), built on Mar 20 2016 22:14:03 by "java_re" with gcc 4.2.1 (Based on Apple Inc. build 5658) (LLVM build 2336.11.00)

time: Fri Oct 14 17:36:43 2016
elapsed time: 2329 seconds (0d 0h 38m 49s)

