#
# A fatal error has been detected by the Java Runtime Environment:
#
#  SIGSEGV (0xb) at pc=0x00000001020462c8, pid=1903, tid=19203
#
# JRE version: Java(TM) SE Runtime Environment (8.0_77-b03) (build 1.8.0_77-b03)
# Java VM: Java HotSpot(TM) 64-Bit Server VM (25.77-b03 mixed mode bsd-amd64 compressed oops)
# Problematic frame:
# V  [libjvm.dylib+0x4462c8]
#
# Failed to write core dump. Core dumps have been disabled. To enable core dumping, try "ulimit -c unlimited" before starting Java again
#
# If you would like to submit a bug report, please visit:
#   http://bugreport.java.com/bugreport/crash.jsp
#

---------------  T H R E A D  ---------------

Current thread (0x00007fc5e4804000):  JavaThread "JDWP Transport Listener: dt_socket" daemon [_thread_in_vm, id=19203, stack(0x0000700000f47000,0x0000700001047000)]

siginfo: si_signo: 11 (SIGSEGV), si_code: 0 (unknown), si_addr: 0x0000000000000000

Registers:
RAX=0x0000000000000001, RBX=0x0000700001046a8b, RCX=0x0000000102415340, RDX=0x0000700001046a8b
RSP=0x00007000010469d0, RBP=0x00007000010469e0, RSI=0x00007fc5e4804000, RDI=0xb00007fc5e2d0de0
R8 =0x0000000000000000, R9 =0x00007fc5e2d25310, R10=0x00000000a4b20460, R11=0x00007fc5e2d00000
R12=0x00007fc5e4804000, R13=0xb00007fc5e2d0de0, R14=0xb00007fc5e2d0de0, R15=0x00007fc5e2c15d80
RIP=0x00000001020462c8, EFLAGS=0x0000000000010282, ERR=0x0000000000000000
  TRAPNO=0x000000000000000d

Top of Stack: (sp=0x00007000010469d0)
0x00007000010469d0:   0000700001046a8b 0000700001046a8b
0x00007000010469e0:   0000700001046a40 0000000101f552fe
0x00007000010469f0:   00007fc5e4804000 0000000000000000
0x0000700001046a00:   0000000000000000 0000000000000000
0x0000700001046a10:   00007fc5e4804000 00007fc5e4804000
0x0000700001046a20:   0000700001046a8b 0000700001046a90
0x0000700001046a30:   b00007fc5e2d0de0 0000000000000009
0x0000700001046a40:   0000700001046a60 0000000100ade780
0x0000700001046a50:   0000000000000001 0000700001046b08
0x0000700001046a60:   0000700001046ad0 0000000100ac31f3
0x0000700001046a70:   0000700001046aa0 00007fc5e2d10c70
0x0000700001046a80:   0000000a00000032 0000000a00046b08
0x0000700001046a90:   0000000000000000 0000000000000000
0x0000700001046aa0:   0000000000000000 0000700001046c90
0x0000700001046ab0:   0000000100ae5e7a 00007fc5e2d0f4c0
0x0000700001046ac0:   0000700001046b08 0000000100af1598
0x0000700001046ad0:   0000700001046ae0 0000000100ac32ec
0x0000700001046ae0:   0000700001046d00 0000000100acc898
0x0000700001046af0:   0000393c00000013 00000000000f0200
0x0000700001046b00:   00007fc5e2d25440 00007fc5e2d25b29
0x0000700001046b10:   00007fc50000000f 00007fc5e2d0de00
0x0000700001046b20:   000000000000012c 0000700001046b58
0x0000700001046b30:   00007fc5e2d0de00 0000000000000000
0x0000700001046b40:   0000393c0000001c 00007fff00005c80
0x0000700001046b50:   0000700001046b58 c57f00000a000000
0x0000700001046b60:   0800000068f4c3e2 3e74696e696c633c
0x0000700001046b70:   0056292803000000 0008000000000000
0x0000700001046b80:   0060f4c3e2c57f00 74696e693c060000
0x0000700001046b90:   562928030000003e 0000000000000000
0x0000700001046ba0:   70f4c3e2c57f0000 6e69616d04000000
0x0000700001046bb0:   6a4c5b2816000000 676e616c2f617661
0x0000700001046bc0:   3b676e697274532f 0000000000005629 

Instructions: (pc=0x00000001020462c8)
0x00000001020462a8:   40 48 48 85 c0 75 e0 30 c0 0f b6 c0 5d c3 31 c0
0x00000001020462b8:   5d c3 55 48 89 e5 53 48 83 ec 08 48 85 ff 74 24
0x00000001020462c8:   48 8b 1f 48 85 db 74 1c 48 83 fb 37 74 16 48 8b
0x00000001020462d8:   03 48 89 df ff 50 10 84 c0 b8 00 00 00 00 48 0f 

Register to memory mapping:

RAX=0x0000000000000001 is an unknown value
RBX=0x0000700001046a8b is pointing into the stack for thread: 0x00007fc5e4804000
RCX=0x0000000102415340: UseMembar+0 in /Library/Java/JavaVirtualMachines/jdk1.8.0_77.jdk/Contents/Home/jre/lib/server/libjvm.dylib at 0x0000000101c00000
RDX=0x0000700001046a8b is pointing into the stack for thread: 0x00007fc5e4804000
RSP=0x00007000010469d0 is pointing into the stack for thread: 0x00007fc5e4804000
RBP=0x00007000010469e0 is pointing into the stack for thread: 0x00007fc5e4804000
RSI=0x00007fc5e4804000 is a thread
RDI=0xb00007fc5e2d0de0 is an unknown value
R8 =0x0000000000000000 is an unknown value
R9 =0x00007fc5e2d25310 is an unknown value
R10=0x00000000a4b20460 is an unknown value
R11=0x00007fc5e2d00000 is an unknown value
R12=0x00007fc5e4804000 is a thread
R13=0xb00007fc5e2d0de0 is an unknown value
R14=0xb00007fc5e2d0de0 is an unknown value
R15=0x00007fc5e2c15d80 is an unknown value


Stack: [0x0000700000f47000,0x0000700001047000],  sp=0x00007000010469d0,  free space=1022k
Native frames: (J=compiled Java code, j=interpreted, Vv=VM code, C=native code)
V  [libjvm.dylib+0x4462c8]
V  [libjvm.dylib+0x3552fe]
C  [libjdwp.dylib+0x20780]  isMethodSynthetic+0x63
C  [libjdwp.dylib+0x51f3]  methods1+0x10b
C  [libjdwp.dylib+0x52ec]  methodsWithGeneric+0xe
C  [libjdwp.dylib+0xe898]  debugLoop_run+0x1ce
C  [libjdwp.dylib+0x1f6ba]  attachThread+0x4d
V  [libjvm.dylib+0x39665c]
V  [libjvm.dylib+0x560e03]
V  [libjvm.dylib+0x5624fe]
V  [libjvm.dylib+0x482eda]
C  [libsystem_pthread.dylib+0x399d]  _pthread_body+0x83
C  [libsystem_pthread.dylib+0x391a]  _pthread_body+0x0
C  [libsystem_pthread.dylib+0x1351]  thread_start+0xd
C  0x0000000000000000


---------------  P R O C E S S  ---------------

Java Threads: ( => current thread )
  0x00007fc5e502c000 JavaThread "Service Thread" daemon [_thread_blocked, id=22787, stack(0x000070000165c000,0x000070000175c000)]
  0x00007fc5e3817000 JavaThread "C1 CompilerThread3" daemon [_thread_blocked, id=22275, stack(0x0000700001559000,0x0000700001659000)]
  0x00007fc5e3818000 JavaThread "C2 CompilerThread2" daemon [_thread_blocked, id=21763, stack(0x0000700001456000,0x0000700001556000)]
  0x00007fc5e501f800 JavaThread "C2 CompilerThread1" daemon [_thread_blocked, id=21251, stack(0x0000700001353000,0x0000700001453000)]
  0x00007fc5e502d000 JavaThread "C2 CompilerThread0" daemon [_thread_blocked, id=20739, stack(0x0000700001250000,0x0000700001350000)]
  0x00007fc5e3816800 JavaThread "JDWP Command Reader" daemon [_thread_in_native, id=20227, stack(0x000070000114d000,0x000070000124d000)]
  0x00007fc5e481c000 JavaThread "JDWP Event Helper Thread" daemon [_thread_blocked, id=19715, stack(0x000070000104a000,0x000070000114a000)]
=>0x00007fc5e4804000 JavaThread "JDWP Transport Listener: dt_socket" daemon [_thread_in_vm, id=19203, stack(0x0000700000f47000,0x0000700001047000)]
  0x00007fc5e3048000 JavaThread "Signal Dispatcher" daemon [_thread_blocked, id=14863, stack(0x0000700000e44000,0x0000700000f44000)]
  0x00007fc5e3805000 JavaThread "Finalizer" daemon [_thread_blocked, id=14339, stack(0x0000700000c3b000,0x0000700000d3b000)]
  0x00007fc5e3802000 JavaThread "Reference Handler" daemon [_thread_blocked, id=13827, stack(0x0000700000b38000,0x0000700000c38000)]
  0x00007fc5e3013000 JavaThread "main" [_thread_blocked, id=5891, stack(0x000070000011a000,0x000070000021a000)]

Other Threads:
  0x00007fc5e3071000 VMThread [stack: 0x0000700000a35000,0x0000700000b35000] [id=13315]
  0x00007fc5e380b800 WatcherThread [stack: 0x000070000175f000,0x000070000185f000] [id=23299]

VM state:not at safepoint (normal execution)

VM Mutex/Monitor currently owned by a thread: None

Heap:
 PSYoungGen      total 76288K, used 5243K [0x000000076ab00000, 0x0000000770000000, 0x00000007c0000000)
  eden space 65536K, 8% used [0x000000076ab00000,0x000000076b01ec18,0x000000076eb00000)
  from space 10752K, 0% used [0x000000076f580000,0x000000076f580000,0x0000000770000000)
  to   space 10752K, 0% used [0x000000076eb00000,0x000000076eb00000,0x000000076f580000)
 ParOldGen       total 175104K, used 0K [0x00000006c0000000, 0x00000006cab00000, 0x000000076ab00000)
  object space 175104K, 0% used [0x00000006c0000000,0x00000006c0000000,0x00000006cab00000)
 Metaspace       used 3636K, capacity 4792K, committed 5120K, reserved 1056768K
  class space    used 400K, capacity 424K, committed 512K, reserved 1048576K

Card table byte_map: [0x0000000111f4f000,0x0000000112750000] byte_map_base: 0x000000010e94f000

Marking Bits: (ParMarkBitMap*) 0x00000001024e3ea0
 Begin Bits: [0x0000000112ca6000, 0x0000000116ca6000)
 End Bits:   [0x0000000116ca6000, 0x000000011aca6000)

Polling page: 0x0000000100abd000

CodeCache: size=245760Kb used=1268Kb max_used=1268Kb free=244491Kb
 bounds [0x0000000102b8f000, 0x0000000102dff000, 0x0000000111b8f000]
 total_blobs=359 nmethods=126 adapters=155
 compilation: enabled

Compilation events (10 events):
Event: 12.543 Thread 0x00007fc5e3817000  122       1       java.util.regex.Pattern::flags (5 bytes)
Event: 12.543 Thread 0x00007fc5e3817000 nmethod 122 0x0000000102cc7150 code [0x0000000102cc72a0, 0x0000000102cc73b0]
Event: 12.544 Thread 0x00007fc5e3817000  123       1       java.nio.Buffer::position (5 bytes)
Event: 12.544 Thread 0x00007fc5e3817000 nmethod 123 0x0000000102cc4750 code [0x0000000102cc48a0, 0x0000000102cc49b0]
Event: 12.544 Thread 0x00007fc5e3817000  124       3       java.util.HashMap$KeyIterator::next (8 bytes)
Event: 12.544 Thread 0x00007fc5e3817000 nmethod 124 0x0000000102cc9890 code [0x0000000102cc9a00, 0x0000000102cc9c28]
Event: 12.545 Thread 0x00007fc5e3817000  125       3       java.lang.AbstractStringBuilder::<init> (12 bytes)
Event: 12.545 Thread 0x00007fc5e3817000 nmethod 125 0x0000000102cc9210 code [0x0000000102cc9380, 0x0000000102cc95d0]
Event: 231.250 Thread 0x00007fc5e3817000  126       3       java.lang.StringBuilder::toString (17 bytes)
Event: 231.250 Thread 0x00007fc5e3817000 nmethod 126 0x0000000102ccc610 code [0x0000000102ccc780, 0x0000000102ccc988]

GC Heap History (0 events):
No events

Deoptimization events (0 events):
No events

Internal exceptions (7 events):
Event: 0.030 Thread 0x00007fc5e3013000 Exception <a 'java/lang/NoSuchMethodError': Method sun.misc.Unsafe.defineClass(Ljava/lang/String;[BII)Ljava/lang/Class; name or signature does not match> (0x000000076ab07cc0) thrown at [/Users/java_re/workspace/8-2-build-macosx-x86_64/jdk8u77/6540/hotspot
Event: 0.030 Thread 0x00007fc5e3013000 Exception <a 'java/lang/NoSuchMethodError': Method sun.misc.Unsafe.prefetchRead(Ljava/lang/Object;J)V name or signature does not match> (0x000000076ab07fa8) thrown at [/Users/java_re/workspace/8-2-build-macosx-x86_64/jdk8u77/6540/hotspot/src/share/vm/prim
Event: 0.135 Thread 0x00007fc5e3013000 Exception <a 'java/security/PrivilegedActionException'> (0x000000076abafc08) thrown at [/Users/java_re/workspace/8-2-build-macosx-x86_64/jdk8u77/6540/hotspot/src/share/vm/prims/jvm.cpp, line 1386]
Event: 0.135 Thread 0x00007fc5e3013000 Exception <a 'java/security/PrivilegedActionException'> (0x000000076abb0000) thrown at [/Users/java_re/workspace/8-2-build-macosx-x86_64/jdk8u77/6540/hotspot/src/share/vm/prims/jvm.cpp, line 1386]
Event: 0.135 Thread 0x00007fc5e3013000 Exception <a 'java/security/PrivilegedActionException'> (0x000000076abb3488) thrown at [/Users/java_re/workspace/8-2-build-macosx-x86_64/jdk8u77/6540/hotspot/src/share/vm/prims/jvm.cpp, line 1386]
Event: 0.135 Thread 0x00007fc5e3013000 Exception <a 'java/security/PrivilegedActionException'> (0x000000076abb3880) thrown at [/Users/java_re/workspace/8-2-build-macosx-x86_64/jdk8u77/6540/hotspot/src/share/vm/prims/jvm.cpp, line 1386]
Event: 269.421 Thread 0x00007fc5e3013000 Exception <a 'java/lang/NoSuchMethodError': csula.cs4660.games.Player.findPossibleCombinations(Ljava/util/HashMap;Ljava/util/HashMap;)Ljava/util/HashMap;> (0x000000076aedb398) thrown at [/Users/java_re/workspace/8-2-build-macosx-x86_64/jdk8u77/6540/hotspo

Events (10 events):
Event: 269.421 Executing VM operation: EnterInterpOnlyMode
Event: 269.421 Executing VM operation: EnterInterpOnlyMode done
Event: 269.421 Executing VM operation: GetCurrentLocation
Event: 269.421 Executing VM operation: GetCurrentLocation done
Event: 269.421 Executing VM operation: ChangeSingleStep
Event: 269.421 Executing VM operation: ChangeSingleStep done
Event: 269.422 Executing VM operation: ChangeSingleStep
Event: 269.422 Executing VM operation: ChangeSingleStep done
Event: 392.523 Executing VM operation: RedefineClasses
Event: 392.524 Executing VM operation: RedefineClasses done


Dynamic libraries:
0x000000000a43f000 	/System/Library/Frameworks/Cocoa.framework/Versions/A/Cocoa
0x000000000a43f000 	/System/Library/Frameworks/Security.framework/Versions/A/Security
0x000000000a43f000 	/System/Library/Frameworks/ApplicationServices.framework/Versions/A/ApplicationServices
0x000000000a43f000 	/usr/lib/libz.1.dylib
0x000000000a43f000 	/usr/lib/libSystem.B.dylib
0x000000000a43f000 	/usr/lib/libobjc.A.dylib
0x000000000a43f000 	/System/Library/Frameworks/CoreFoundation.framework/Versions/A/CoreFoundation
0x000000000a43f000 	/System/Library/Frameworks/Foundation.framework/Versions/C/Foundation
0x000000000a43f000 	/System/Library/Frameworks/AppKit.framework/Versions/C/AppKit
0x000000000a43f000 	/System/Library/Frameworks/CoreData.framework/Versions/A/CoreData
0x000000000a43f000 	/System/Library/PrivateFrameworks/RemoteViewServices.framework/Versions/A/RemoteViewServices
0x000000000a43f000 	/System/Library/PrivateFrameworks/UIFoundation.framework/Versions/A/UIFoundation
0x000000000a43f000 	/usr/lib/libScreenReader.dylib
0x000000000a43f000 	/System/Library/Frameworks/Accelerate.framework/Versions/A/Accelerate
0x000000000a43f000 	/System/Library/Frameworks/IOSurface.framework/Versions/A/IOSurface
0x000000000a43f000 	/System/Library/Frameworks/AudioToolbox.framework/Versions/A/AudioToolbox
0x000000000a43f000 	/System/Library/Frameworks/AudioUnit.framework/Versions/A/AudioUnit
0x000000000a43f000 	/System/Library/PrivateFrameworks/DataDetectorsCore.framework/Versions/A/DataDetectorsCore
0x000000000a43f000 	/System/Library/PrivateFrameworks/DesktopServicesPriv.framework/Versions/A/DesktopServicesPriv
0x000000000a43f000 	/System/Library/Frameworks/Carbon.framework/Versions/A/Frameworks/HIToolbox.framework/Versions/A/HIToolbox
0x000000000a43f000 	/System/Library/Frameworks/QuartzCore.framework/Versions/A/QuartzCore
0x000000000a43f000 	/System/Library/Frameworks/Carbon.framework/Versions/A/Frameworks/SpeechRecognition.framework/Versions/A/SpeechRecognition
0x000000000a43f000 	/usr/lib/libauto.dylib
0x000000000a43f000 	/usr/lib/libicucore.A.dylib
0x000000000a43f000 	/usr/lib/libxml2.2.dylib
0x000000000a43f000 	/System/Library/PrivateFrameworks/CoreUI.framework/Versions/A/CoreUI
0x000000000a43f000 	/System/Library/Frameworks/CoreAudio.framework/Versions/A/CoreAudio
0x000000000a43f000 	/System/Library/Frameworks/DiskArbitration.framework/Versions/A/DiskArbitration
0x000000000a43f000 	/usr/lib/liblangid.dylib
0x000000000a43f000 	/System/Library/PrivateFrameworks/MultitouchSupport.framework/Versions/A/MultitouchSupport
0x000000000a43f000 	/System/Library/Frameworks/IOKit.framework/Versions/A/IOKit
0x000000000a43f000 	/usr/lib/libDiagnosticMessagesClient.dylib
0x000000000a43f000 	/System/Library/Frameworks/CoreServices.framework/Versions/A/CoreServices
0x000000000a43f000 	/System/Library/PrivateFrameworks/PerformanceAnalysis.framework/Versions/A/PerformanceAnalysis
0x000000000a43f000 	/System/Library/PrivateFrameworks/GenerationalStorage.framework/Versions/A/GenerationalStorage
0x000000000a43f000 	/System/Library/Frameworks/OpenGL.framework/Versions/A/OpenGL
0x000000000a43f000 	/System/Library/PrivateFrameworks/Sharing.framework/Versions/A/Sharing
0x000000000a43f000 	/System/Library/Frameworks/CoreGraphics.framework/Versions/A/CoreGraphics
0x000000000a43f000 	/System/Library/Frameworks/CoreImage.framework/Versions/A/CoreImage
0x000000000a43f000 	/System/Library/Frameworks/CoreText.framework/Versions/A/CoreText
0x000000000a43f000 	/System/Library/Frameworks/ImageIO.framework/Versions/A/ImageIO
0x000000000a43f000 	/System/Library/PrivateFrameworks/Backup.framework/Versions/A/Backup
0x000000000a43f000 	/usr/lib/libextension.dylib
0x000000000a43f000 	/usr/lib/libarchive.2.dylib
0x000000000a43f000 	/System/Library/Frameworks/CFNetwork.framework/Versions/A/CFNetwork
0x000000000a43f000 	/System/Library/Frameworks/SystemConfiguration.framework/Versions/A/SystemConfiguration
0x000000000a43f000 	/usr/lib/libCRFSuite.dylib
0x000000000a43f000 	/usr/lib/libc++.1.dylib
0x000000000a43f000 	/usr/lib/libc++abi.dylib
0x000000000a43f000 	/usr/lib/system/libcache.dylib
0x000000000a43f000 	/usr/lib/system/libcommonCrypto.dylib
0x000000000a43f000 	/usr/lib/system/libcompiler_rt.dylib
0x000000000a43f000 	/usr/lib/system/libcopyfile.dylib
0x000000000a43f000 	/usr/lib/system/libcorecrypto.dylib
0x000000000a43f000 	/usr/lib/system/libdispatch.dylib
0x000000000a43f000 	/usr/lib/system/libdyld.dylib
0x000000000a43f000 	/usr/lib/system/libkeymgr.dylib
0x000000000a43f000 	/usr/lib/system/liblaunch.dylib
0x000000000a43f000 	/usr/lib/system/libmacho.dylib
0x000000000a43f000 	/usr/lib/system/libquarantine.dylib
0x000000000a43f000 	/usr/lib/system/libremovefile.dylib
0x000000000a43f000 	/usr/lib/system/libsystem_asl.dylib
0x000000000a43f000 	/usr/lib/system/libsystem_blocks.dylib
0x000000000a43f000 	/usr/lib/system/libsystem_c.dylib
0x000000000a43f000 	/usr/lib/system/libsystem_configuration.dylib
0x000000000a43f000 	/usr/lib/system/libsystem_coreservices.dylib
0x000000000a43f000 	/usr/lib/system/libsystem_coretls.dylib
0x000000000a43f000 	/usr/lib/system/libsystem_dnssd.dylib
0x000000000a43f000 	/usr/lib/system/libsystem_info.dylib
0x000000000a43f000 	/usr/lib/system/libsystem_kernel.dylib
0x000000000a43f000 	/usr/lib/system/libsystem_m.dylib
0x000000000a43f000 	/usr/lib/system/libsystem_malloc.dylib
0x000000000a43f000 	/usr/lib/system/libsystem_network.dylib
0x000000000a43f000 	/usr/lib/system/libsystem_networkextension.dylib
0x000000000a43f000 	/usr/lib/system/libsystem_notify.dylib
0x000000000a43f000 	/usr/lib/system/libsystem_platform.dylib
0x000000000a43f000 	/usr/lib/system/libsystem_pthread.dylib
0x000000000a43f000 	/usr/lib/system/libsystem_sandbox.dylib
0x000000000a43f000 	/usr/lib/system/libsystem_secinit.dylib
0x000000000a43f000 	/usr/lib/system/libsystem_trace.dylib
0x000000000a43f000 	/usr/lib/system/libunc.dylib
0x000000000a43f000 	/usr/lib/system/libunwind.dylib
0x000000000a43f000 	/usr/lib/system/libxpc.dylib
0x000000000a43f000 	/usr/lib/libenergytrace.dylib
0x000000000a43f000 	/usr/lib/libbsm.0.dylib
0x000000000a43f000 	/usr/lib/system/libkxld.dylib
0x000000000a43f000 	/usr/lib/libxar.1.dylib
0x000000000a43f000 	/usr/lib/libsqlite3.dylib
0x000000000a43f000 	/usr/lib/libpam.2.dylib
0x000000000a43f000 	/usr/lib/libOpenScriptingUtil.dylib
0x000000000a43f000 	/usr/lib/libbz2.1.0.dylib
0x000000000a43f000 	/usr/lib/liblzma.5.dylib
0x000000000a43f000 	/System/Library/Frameworks/CoreServices.framework/Versions/A/Frameworks/FSEvents.framework/Versions/A/FSEvents
0x000000000a43f000 	/System/Library/Frameworks/CoreServices.framework/Versions/A/Frameworks/CarbonCore.framework/Versions/A/CarbonCore
0x000000000a43f000 	/System/Library/Frameworks/CoreServices.framework/Versions/A/Frameworks/Metadata.framework/Versions/A/Metadata
0x000000000a43f000 	/System/Library/Frameworks/CoreServices.framework/Versions/A/Frameworks/OSServices.framework/Versions/A/OSServices
0x000000000a43f000 	/System/Library/Frameworks/CoreServices.framework/Versions/A/Frameworks/SearchKit.framework/Versions/A/SearchKit
0x000000000a43f000 	/System/Library/Frameworks/CoreServices.framework/Versions/A/Frameworks/AE.framework/Versions/A/AE
0x000000000a43f000 	/System/Library/Frameworks/CoreServices.framework/Versions/A/Frameworks/LaunchServices.framework/Versions/A/LaunchServices
0x000000000a43f000 	/System/Library/Frameworks/CoreServices.framework/Versions/A/Frameworks/DictionaryServices.framework/Versions/A/DictionaryServices
0x000000000a43f000 	/System/Library/Frameworks/CoreServices.framework/Versions/A/Frameworks/SharedFileList.framework/Versions/A/SharedFileList
0x000000000a43f000 	/System/Library/Frameworks/NetFS.framework/Versions/A/NetFS
0x000000000a43f000 	/System/Library/PrivateFrameworks/NetAuth.framework/Versions/A/NetAuth
0x000000000a43f000 	/System/Library/PrivateFrameworks/login.framework/Versions/A/Frameworks/loginsupport.framework/Versions/A/loginsupport
0x000000000a43f000 	/System/Library/PrivateFrameworks/TCC.framework/Versions/A/TCC
0x000000000a43f000 	/usr/lib/libmecabra.dylib
0x000000000a43f000 	/System/Library/Frameworks/ApplicationServices.framework/Versions/A/Frameworks/ATS.framework/Versions/A/ATS
0x000000000a43f000 	/System/Library/Frameworks/ApplicationServices.framework/Versions/A/Frameworks/ColorSync.framework/Versions/A/ColorSync
0x000000000a43f000 	/System/Library/Frameworks/ApplicationServices.framework/Versions/A/Frameworks/HIServices.framework/Versions/A/HIServices
0x000000000a43f000 	/System/Library/Frameworks/ApplicationServices.framework/Versions/A/Frameworks/LangAnalysis.framework/Versions/A/LangAnalysis
0x000000000a43f000 	/System/Library/Frameworks/ApplicationServices.framework/Versions/A/Frameworks/PrintCore.framework/Versions/A/PrintCore
0x000000000a43f000 	/System/Library/Frameworks/ApplicationServices.framework/Versions/A/Frameworks/QD.framework/Versions/A/QD
0x000000000a43f000 	/System/Library/Frameworks/ApplicationServices.framework/Versions/A/Frameworks/SpeechSynthesis.framework/Versions/A/SpeechSynthesis
0x000000000a43f000 	/System/Library/Frameworks/Metal.framework/Versions/A/Metal
0x000000000a43f000 	/System/Library/Frameworks/Accelerate.framework/Versions/A/Frameworks/vImage.framework/Versions/A/vImage
0x000000000a43f000 	/System/Library/Frameworks/Accelerate.framework/Versions/A/Frameworks/vecLib.framework/Versions/A/vecLib
0x000000000a43f000 	/System/Library/Frameworks/Accelerate.framework/Versions/A/Frameworks/vecLib.framework/Versions/A/libvDSP.dylib
0x000000000a43f000 	/System/Library/Frameworks/Accelerate.framework/Versions/A/Frameworks/vecLib.framework/Versions/A/libvMisc.dylib
0x000000000a43f000 	/System/Library/Frameworks/Accelerate.framework/Versions/A/Frameworks/vecLib.framework/Versions/A/libLAPACK.dylib
0x000000000a43f000 	/System/Library/Frameworks/Accelerate.framework/Versions/A/Frameworks/vecLib.framework/Versions/A/libBLAS.dylib
0x000000000a43f000 	/System/Library/Frameworks/Accelerate.framework/Versions/A/Frameworks/vecLib.framework/Versions/A/libLinearAlgebra.dylib
0x000000000a43f000 	/System/Library/Frameworks/Accelerate.framework/Versions/A/Frameworks/vecLib.framework/Versions/A/libSparseBLAS.dylib
0x000000000a43f000 	/System/Library/PrivateFrameworks/GPUCompiler.framework/libmetal_timestamp.dylib
0x000000000a43f000 	/System/Library/Frameworks/OpenGL.framework/Versions/A/Libraries/libCoreFSCache.dylib
0x000000000a43f000 	/System/Library/PrivateFrameworks/IOAccelerator.framework/Versions/A/IOAccelerator
0x000000000a43f000 	/System/Library/Frameworks/ApplicationServices.framework/Versions/A/Frameworks/ATS.framework/Versions/A/Resources/libFontParser.dylib
0x000000000a43f000 	/System/Library/Frameworks/ApplicationServices.framework/Versions/A/Frameworks/ATS.framework/Versions/A/Resources/libFontRegistry.dylib
0x000000000a43f000 	/System/Library/PrivateFrameworks/AppleVPA.framework/Versions/A/AppleVPA
0x000000000a43f000 	/System/Library/PrivateFrameworks/AppleJPEG.framework/Versions/A/AppleJPEG
0x000000000a43f000 	/System/Library/Frameworks/ImageIO.framework/Versions/A/Resources/libJPEG.dylib
0x000000000a43f000 	/System/Library/Frameworks/ImageIO.framework/Versions/A/Resources/libTIFF.dylib
0x000000000a43f000 	/System/Library/Frameworks/ImageIO.framework/Versions/A/Resources/libPng.dylib
0x000000000a43f000 	/System/Library/Frameworks/ImageIO.framework/Versions/A/Resources/libGIF.dylib
0x000000000a43f000 	/System/Library/Frameworks/ImageIO.framework/Versions/A/Resources/libJP2.dylib
0x000000000a43f000 	/System/Library/Frameworks/ImageIO.framework/Versions/A/Resources/libRadiance.dylib
0x000000000a43f000 	/System/Library/Frameworks/CoreVideo.framework/Versions/A/CoreVideo
0x000000000a43f000 	/System/Library/Frameworks/OpenGL.framework/Versions/A/Libraries/libGLU.dylib
0x000000000a43f000 	/System/Library/Frameworks/OpenGL.framework/Versions/A/Libraries/libGFXShared.dylib
0x000000000a43f000 	/System/Library/Frameworks/OpenGL.framework/Versions/A/Libraries/libGL.dylib
0x000000000a43f000 	/System/Library/Frameworks/OpenGL.framework/Versions/A/Libraries/libGLImage.dylib
0x000000000a43f000 	/System/Library/Frameworks/OpenGL.framework/Versions/A/Libraries/libCVMSPluginSupport.dylib
0x000000000a43f000 	/System/Library/Frameworks/OpenGL.framework/Versions/A/Libraries/libCoreVMClient.dylib
0x000000000a43f000 	/usr/lib/libcompression.dylib
0x000000000a43f000 	/usr/lib/libcups.2.dylib
0x000000000a43f000 	/System/Library/Frameworks/Kerberos.framework/Versions/A/Kerberos
0x000000000a43f000 	/System/Library/Frameworks/GSS.framework/Versions/A/GSS
0x000000000a43f000 	/usr/lib/libresolv.9.dylib
0x000000000a43f000 	/usr/lib/libiconv.2.dylib
0x000000000a43f000 	/System/Library/PrivateFrameworks/Heimdal.framework/Versions/A/Heimdal
0x000000000a43f000 	/usr/lib/libheimdal-asn1.dylib
0x000000000a43f000 	/System/Library/Frameworks/OpenDirectory.framework/Versions/A/OpenDirectory
0x000000000a43f000 	/System/Library/PrivateFrameworks/CommonAuth.framework/Versions/A/CommonAuth
0x000000000a43f000 	/System/Library/Frameworks/OpenDirectory.framework/Versions/A/Frameworks/CFOpenDirectory.framework/Versions/A/CFOpenDirectory
0x000000000a43f000 	/System/Library/Frameworks/SecurityFoundation.framework/Versions/A/SecurityFoundation
0x000000000a43f000 	/System/Library/PrivateFrameworks/LanguageModeling.framework/Versions/A/LanguageModeling
0x000000000a43f000 	/usr/lib/libmarisa.dylib
0x000000000a43f000 	/usr/lib/libChineseTokenizer.dylib
0x000000000a43f000 	/usr/lib/libcmph.dylib
0x000000000a43f000 	/System/Library/Frameworks/ServiceManagement.framework/Versions/A/ServiceManagement
0x000000000a43f000 	/usr/lib/libxslt.1.dylib
0x000000000a43f000 	/System/Library/Frameworks/Carbon.framework/Versions/A/Frameworks/Ink.framework/Versions/A/Ink
0x000000000a43f000 	/usr/lib/libFosl_dynamic.dylib
0x000000000a43f000 	/System/Library/PrivateFrameworks/FaceCore.framework/Versions/A/FaceCore
0x000000000a43f000 	/System/Library/Frameworks/OpenCL.framework/Versions/A/OpenCL
0x000000000a43f000 	/System/Library/PrivateFrameworks/CrashReporterSupport.framework/Versions/A/CrashReporterSupport
0x000000000a43f000 	/System/Library/PrivateFrameworks/IconServices.framework/Versions/A/IconServices
0x000000000a43f000 	/System/Library/PrivateFrameworks/Apple80211.framework/Versions/A/Apple80211
0x000000000a43f000 	/System/Library/Frameworks/CoreWLAN.framework/Versions/A/CoreWLAN
0x000000000a43f000 	/System/Library/Frameworks/IOBluetooth.framework/Versions/A/IOBluetooth
0x000000000a43f000 	/System/Library/PrivateFrameworks/CoreWiFi.framework/Versions/A/CoreWiFi
0x000000000a43f000 	/System/Library/Frameworks/CoreBluetooth.framework/Versions/A/CoreBluetooth
0x000000000a43f000 	/System/Library/PrivateFrameworks/ChunkingLibrary.framework/Versions/A/ChunkingLibrary
0x000000000a43f000 	/System/Library/PrivateFrameworks/DebugSymbols.framework/Versions/A/DebugSymbols
0x000000000a43f000 	/System/Library/PrivateFrameworks/CoreSymbolication.framework/Versions/A/CoreSymbolication
0x000000000a43f000 	/System/Library/PrivateFrameworks/Symbolication.framework/Versions/A/Symbolication
0x000000000a43f000 	/System/Library/PrivateFrameworks/SpeechRecognitionCore.framework/Versions/A/SpeechRecognitionCore
0x0000000101c00000 	/Library/Java/JavaVirtualMachines/jdk1.8.0_77.jdk/Contents/Home/jre/lib/server/libjvm.dylib
0x000000000a43f000 	/usr/lib/libstdc++.6.dylib
0x0000000100a7a000 	/Library/Java/JavaVirtualMachines/jdk1.8.0_77.jdk/Contents/Home/jre/lib/libverify.dylib
0x0000000100a88000 	/Library/Java/JavaVirtualMachines/jdk1.8.0_77.jdk/Contents/Home/jre/lib/libjava.dylib
0x0000000100abe000 	/Library/Java/JavaVirtualMachines/jdk1.8.0_77.jdk/Contents/Home/jre/lib/libjdwp.dylib
0x0000000100b09000 	/Library/Java/JavaVirtualMachines/jdk1.8.0_77.jdk/Contents/Home/jre/lib/libnpt.dylib
0x0000000100b16000 	/Library/Java/JavaVirtualMachines/jdk1.8.0_77.jdk/Contents/Home/jre/lib/libzip.dylib
0x000000011db71000 	/System/Library/Frameworks/JavaVM.framework/Frameworks/JavaRuntimeSupport.framework/JavaRuntimeSupport
0x000000011db8c000 	/System/Library/Frameworks/JavaVM.framework/Versions/A/Frameworks/JavaNativeFoundation.framework/Versions/A/JavaNativeFoundation
0x0000000100bf3000 	/System/Library/Frameworks/JavaVM.framework/Versions/A/JavaVM
0x000000000a43f000 	/System/Library/Frameworks/Carbon.framework/Versions/A/Carbon
0x000000011dba1000 	/System/Library/PrivateFrameworks/JavaLaunching.framework/Versions/A/JavaLaunching
0x000000000a43f000 	/System/Library/Frameworks/Carbon.framework/Versions/A/Frameworks/CommonPanels.framework/Versions/A/CommonPanels
0x000000000a43f000 	/System/Library/Frameworks/Carbon.framework/Versions/A/Frameworks/Help.framework/Versions/A/Help
0x000000000a43f000 	/System/Library/Frameworks/Carbon.framework/Versions/A/Frameworks/ImageCapture.framework/Versions/A/ImageCapture
0x000000000a43f000 	/System/Library/Frameworks/Carbon.framework/Versions/A/Frameworks/OpenScripting.framework/Versions/A/OpenScripting
0x000000000a43f000 	/System/Library/Frameworks/Carbon.framework/Versions/A/Frameworks/Print.framework/Versions/A/Print
0x000000000a43f000 	/System/Library/Frameworks/Carbon.framework/Versions/A/Frameworks/SecurityHI.framework/Versions/A/SecurityHI
0x000000011f4c4000 	/Library/Java/JavaVirtualMachines/jdk1.8.0_77.jdk/Contents/Home/jre/lib/libdt_socket.dylib

VM Arguments:
jvm_args: -agentlib:jdwp=transport=dt_socket,suspend=y,address=localhost:55924 -Dfile.encoding=UTF-8 
java_command: csula.cs4660.games.Player
java_class_path (initial): /Users/mohan/Documents/AILatest/bin:/Users/mohan/.gradle/caches/modules-2/files-2.1/com.fasterxml.jackson.core/jackson-annotations/2.8.0/45b426f7796b741035581a176744d91090e2e6fb/jackson-annotations-2.8.0.jar:/Users/mohan/.gradle/caches/modules-2/files-2.1/com.fasterxml.jackson.core/jackson-core/2.8.3/5e1dc37c96308851c3ff609c250dc849c4b12022/jackson-core-2.8.3.jar:/Users/mohan/.gradle/caches/modules-2/files-2.1/com.fasterxml.jackson.core/jackson-databind/2.8.3/cea3788c72271d45676ce32c0665991674b24cc5/jackson-databind-2.8.3.jar:/Users/mohan/.gradle/caches/modules-2/files-2.1/com.google.guava/guava/19.0/6ce200f6b23222af3d8abb6b6459e6c44f4bb0e9/guava-19.0.jar:/Users/mohan/.gradle/caches/modules-2/files-2.1/com.mashape.unirest/unirest-java/1.4.9/778cffcba803dc7d43932266aef4c91f5b6b4dd0/unirest-java-1.4.9.jar:/Users/mohan/.gradle/caches/modules-2/files-2.1/commons-codec/commons-codec/1.9/9ce04e34240f674bc72680f8b843b1457383161a/commons-codec-1.9.jar:/Users/mohan/.gradle/caches/modules-2/files-2.1/commons-logging/commons-logging/1.2/4bfc12adfe4842bf07b657f0369c4cb522955686/commons-logging-1.2.jar:/Users/mohan/.gradle/caches/modules-2/files-2.1/junit/junit/4.11/4e031bb61df09069aeb2bffb4019e7a5034a4ee0/junit-4.11.jar:/Users/mohan/.gradle/caches/modules-2/files-2.1/org.apache.commons/commons-lang3/3.0/8873bd0bb5cb9ee37f1b04578eb7e26fcdd44cb0/commons-lang3-3.0.jar:/Users/mohan/.gradle/caches/modules-2/files-2.1/org.apache.httpcomponents/httpasyncclient/4.1.1/dd624f5a0ff43eb5cdf828d9739d3177ee00a5a9/httpasyncclient-4.1.1.jar:/Users/mohan/.gradle/caches/modules-2/files-2.1/org.apache.httpcomponents/httpclient/4.5.2/733db77aa8d9b2d68015189df76ab06304406e50/httpclient-4.5.2.jar:/Users/mohan/.gradle/caches/modules-2/files-2.1/org.apache.httpcomponents/httpcore-nio/4.4.4/16badfc2d99db264c486ba8c57ae577301a58bd9/httpcore-nio-4.4.4.jar:/Users/mohan/.gradle/caches/modules-2/files-2.1/org.apache.httpcomponents/httpcore/4.4.4/b31526a230871fbe285fbcbe2813f9c08
Launcher Type: SUN_STANDARD

Environment Variables:
PATH=/usr/bin:/bin:/usr/sbin:/sbin
SHELL=/bin/bash

Signal Handlers:
SIGSEGV: [libjvm.dylib+0x5a6855], sa_mask[0]=11111111011111110111111111111111, sa_flags=SA_ONSTACK|SA_RESTART|SA_SIGINFO
SIGBUS: [libjvm.dylib+0x5a6855], sa_mask[0]=11111111011111110111111111111111, sa_flags=SA_RESTART|SA_SIGINFO
SIGFPE: [libjvm.dylib+0x4804ec], sa_mask[0]=11111111011111110111111111111111, sa_flags=SA_RESTART|SA_SIGINFO
SIGPIPE: [libjvm.dylib+0x4804ec], sa_mask[0]=11111111011111110111111111111111, sa_flags=SA_RESTART|SA_SIGINFO
SIGXFSZ: [libjvm.dylib+0x4804ec], sa_mask[0]=11111111011111110111111111111111, sa_flags=SA_RESTART|SA_SIGINFO
SIGILL: [libjvm.dylib+0x4804ec], sa_mask[0]=11111111011111110111111111111111, sa_flags=SA_RESTART|SA_SIGINFO
SIGUSR1: SIG_DFL, sa_mask[0]=00000000000000000000000000000000, sa_flags=none
SIGUSR2: [libjvm.dylib+0x48000a], sa_mask[0]=00100000000000000000000000000000, sa_flags=SA_RESTART|SA_SIGINFO
SIGHUP: [libjvm.dylib+0x47e5e1], sa_mask[0]=11111111011111110111111111111111, sa_flags=SA_RESTART|SA_SIGINFO
SIGINT: [libjvm.dylib+0x47e5e1], sa_mask[0]=11111111011111110111111111111111, sa_flags=SA_RESTART|SA_SIGINFO
SIGTERM: [libjvm.dylib+0x47e5e1], sa_mask[0]=11111111011111110111111111111111, sa_flags=SA_RESTART|SA_SIGINFO
SIGQUIT: [libjvm.dylib+0x47e5e1], sa_mask[0]=11111111011111110111111111111111, sa_flags=SA_RESTART|SA_SIGINFO


---------------  S Y S T E M  ---------------

OS:Bsduname:Darwin 15.6.0 Darwin Kernel Version 15.6.0: Thu Jun 23 18:25:34 PDT 2016; root:xnu-3248.60.10~1/RELEASE_X86_64 x86_64
rlimit: STACK 8192k, CORE 0k, NPROC 709, NOFILE 10240, AS infinity
load average:1.39 1.54 1.51

CPU:total 8 (4 cores per cpu, 2 threads per core) family 6 model 70 stepping 1, cmov, cx8, fxsr, mmx, sse, sse2, sse3, ssse3, sse4.1, sse4.2, popcnt, avx, avx2, aes, clmul, erms, lzcnt, ht, tsc, tscinvbit, bmi1, bmi2

Memory: 4k page, physical 16777216k(2725468k free)

/proc/meminfo:


vm_info: Java HotSpot(TM) 64-Bit Server VM (25.77-b03) for bsd-amd64 JRE (1.8.0_77-b03), built on Mar 20 2016 22:14:03 by "java_re" with gcc 4.2.1 (Based on Apple Inc. build 5658) (LLVM build 2336.11.00)

time: Fri Dec  2 16:48:56 2016
elapsed time: 392 seconds (0d 0h 6m 32s)

