#
# A fatal error has been detected by the Java Runtime Environment:
#
#  SIGSEGV (0xb) at pc=0x0000000104f82884, pid=5878, tid=19459
#
# JRE version: Java(TM) SE Runtime Environment (8.0_77-b03) (build 1.8.0_77-b03)
# Java VM: Java HotSpot(TM) 64-Bit Server VM (25.77-b03 mixed mode bsd-amd64 compressed oops)
# Problematic frame:
# V  [libjvm.dylib+0x382884]  JvmtiEnv::GetClassMethods(oopDesc*, int*, _jmethodID***)+0x122
#
# Failed to write core dump. Core dumps have been disabled. To enable core dumping, try "ulimit -c unlimited" before starting Java again
#
# If you would like to submit a bug report, please visit:
#   http://bugreport.java.com/bugreport/crash.jsp
#

---------------  T H R E A D  ---------------

Current thread (0x00007fcbb101c000):  JavaThread "JDWP Transport Listener: dt_socket" daemon [_thread_in_vm, id=19459, stack(0x0000700000fca000,0x00007000010ca000)]

siginfo: si_signo: 11 (SIGSEGV), si_code: 1 (SEGV_MAPERR), si_addr: 0x00007fcbdb44ffc0

Registers:
RAX=0x00007fcbb0c17870, RBX=0x00000007c0070810, RCX=0x0000000000000001, RDX=0x00007fcbb0c0a190
RSP=0x00007000010c9970, RBP=0x00007000010c99f0, RSI=0x0000000000000000, RDI=0x00007fcbb0c078e0
R8 =0x0000000000000005, R9 =0x0000000000000000, R10=0x0000000000000006, R11=0x00007fcbb0c00000
R12=0x0000000000000005, R13=0x00000000054c6520, R14=0x0000000000000006, R15=0x00007fcbb0e1d6c0
RIP=0x0000000104f82884, EFLAGS=0x0000000000010202, ERR=0x0000000000000006
  TRAPNO=0x000000000000000e

Top of Stack: (sp=0x00007000010c9970)
0x00007000010c9970:   00007000010c9980 0000000000000006
0x00007000010c9980:   00007000010c9a84 00007000010c9a78
0x00007000010c9990:   00007fcbb101c000 00007fcbb0c03fd0
0x00007000010c99a0:   00007fcbb0c0a0a0 00007fcbb0c0a0b0
0x00007000010c99b0:   00007fcbb0c0a188 00000000000000d8
0x00007000010c99c0:   00007000010c9db0 00007000010c9a78
0x00007000010c99d0:   00007fcbb0f01e00 00007fcbb101c000
0x00007000010c99e0:   00007000010c9a84 000000076b236ac8
0x00007000010c99f0:   00007000010c9a60 0000000104f571ef
0x00007000010c9a00:   00007fcbb101c000 00007fcbb101c000
0x00007000010c9a10:   0000000000000000 0000700000000000
0x00007000010c9a20:   0000000000000000 00007fcbb101c000
0x00007000010c9a30:   00007fcbb101c000 0000000000000001
0x00007000010c9a40:   00007fcbb0d1ba20 00007fcbb0d48100
0x00007000010c9a50:   00007000010c9b08 00007000010c9c90
0x00007000010c9a60:   00007000010c9ad0 0000000103bb2195
0x00007000010c9a70:   00007000010c9aa0 0000000000000000
0x00007000010c9a80:   0000000000000032 00007000010c9b08
0x00007000010c9a90:   00007000010c9b08 0000000103be0598
0x00007000010c9aa0:   00007000010c9ac0 00007000010c9c90
0x00007000010c9ab0:   0000000103bd4e7a 00007fcbb0d48100
0x00007000010c9ac0:   00007000010c9b08 0000000103be0598
0x00007000010c9ad0:   00007000010c9ae0 0000000103bb22ec
0x00007000010c9ae0:   00007000010c9d00 0000000103bbb898
0x00007000010c9af0:   00002b3200000013 00000000000f0200
0x00007000010c9b00:   00007fcbb0d44200 00007000010c9b58
0x00007000010c9b10:   00007fcb0000012c 00007000010c9b20
0x00007000010c9b20:   0000000000000000 00007000010c9b58
0x00007000010c9b30:   0000000000000000 0000000000000000
0x00007000010c9b40:   00002b320000001c 00007fff00005c80
0x00007000010c9b50:   00007000010c9b58 0000000101000000
0x00007000010c9b60:   0000001000000000 7f00001000000007 

Instructions: (pc=0x0000000104f82884)
0x0000000104f82864:   45 31 e4 48 8b 83 80 01 00 00 48 8b 8b a0 01 00
0x0000000104f82874:   00 4e 63 6c a1 04 4a 8b 7c e0 08 e8 8c ff f9 ff
0x0000000104f82884:   4b 89 04 ef 49 ff c4 4d 39 e6 75 d7 48 8b 45 88
0x0000000104f82894:   48 8b 55 90 89 02 48 8b 4d 98 4c 89 39 31 db 48 

Register to memory mapping:

RAX=0x00007fcbb0c17870 is an unknown value
RBX=0x00000007c0070810 is pointing into metadata
RCX=0x0000000000000001 is an unknown value
RDX=0x00007fcbb0c0a190 is an unknown value
RSP=0x00007000010c9970 is pointing into the stack for thread: 0x00007fcbb101c000
RBP=0x00007000010c99f0 is pointing into the stack for thread: 0x00007fcbb101c000
RSI=0x0000000000000000 is an unknown value
RDI=0x00007fcbb0c078e0 is an unknown value
R8 =0x0000000000000005 is an unknown value
R9 =0x0000000000000000 is an unknown value
R10=0x0000000000000006 is an unknown value
R11=0x00007fcbb0c00000 is an unknown value
R12=0x0000000000000005 is an unknown value
R13=0x00000000054c6520 is an unknown value
R14=0x0000000000000006 is an unknown value
R15=0x00007fcbb0e1d6c0 is an unknown value


Stack: [0x0000700000fca000,0x00007000010ca000],  sp=0x00007000010c9970,  free space=1022k
Native frames: (J=compiled Java code, j=interpreted, Vv=VM code, C=native code)
V  [libjvm.dylib+0x382884]  JvmtiEnv::GetClassMethods(oopDesc*, int*, _jmethodID***)+0x122
V  [libjvm.dylib+0x3571ef]  jvmti_GetClassMethods+0x130
C  [libjdwp.dylib+0x5195]  methods1+0xad
C  [libjdwp.dylib+0x52ec]  methodsWithGeneric+0xe
C  [libjdwp.dylib+0xe898]  debugLoop_run+0x1ce
C  [libjdwp.dylib+0x1f6ba]  attachThread+0x4d
V  [libjvm.dylib+0x39665c]  JvmtiAgentThread::call_start_function()+0x38
V  [libjvm.dylib+0x560e03]  JavaThread::thread_main_inner()+0x9b
V  [libjvm.dylib+0x5624fe]  JavaThread::run()+0x1c2
V  [libjvm.dylib+0x482eda]  java_start(Thread*)+0xf6
C  [libsystem_pthread.dylib+0x399d]  _pthread_body+0x83
C  [libsystem_pthread.dylib+0x391a]  _pthread_body+0x0
C  [libsystem_pthread.dylib+0x1351]  thread_start+0xd
C  0x0000000000000000


---------------  P R O C E S S  ---------------

Java Threads: ( => current thread )
  0x00007fcbb280a800 JavaThread "ReaderThread" [_thread_in_native, id=24067, stack(0x00007000018e5000,0x00007000019e5000)]
  0x00007fcbb186d800 JavaThread "Service Thread" daemon [_thread_blocked, id=23043, stack(0x00007000016df000,0x00007000017df000)]
  0x00007fcbb1837800 JavaThread "C1 CompilerThread3" daemon [_thread_blocked, id=22531, stack(0x00007000015dc000,0x00007000016dc000)]
  0x00007fcbb1842800 JavaThread "C2 CompilerThread2" daemon [_thread_blocked, id=22019, stack(0x00007000014d9000,0x00007000015d9000)]
  0x00007fcbb2055000 JavaThread "C2 CompilerThread1" daemon [_thread_blocked, id=21507, stack(0x00007000013d6000,0x00007000014d6000)]
  0x00007fcbb2054000 JavaThread "C2 CompilerThread0" daemon [_thread_blocked, id=20995, stack(0x00007000012d3000,0x00007000013d3000)]
  0x00007fcbb1841000 JavaThread "JDWP Command Reader" daemon [_thread_in_native, id=20483, stack(0x00007000011d0000,0x00007000012d0000)]
  0x00007fcbb101c800 JavaThread "JDWP Event Helper Thread" daemon [_thread_blocked, id=19971, stack(0x00007000010cd000,0x00007000011cd000)]
=>0x00007fcbb101c000 JavaThread "JDWP Transport Listener: dt_socket" daemon [_thread_in_vm, id=19459, stack(0x0000700000fca000,0x00007000010ca000)]
  0x00007fcbb101b000 JavaThread "Signal Dispatcher" daemon [_thread_blocked, id=18707, stack(0x0000700000ec7000,0x0000700000fc7000)]
  0x00007fcbb2802800 JavaThread "Finalizer" daemon [_thread_blocked, id=14339, stack(0x0000700000c3b000,0x0000700000d3b000)]
  0x00007fcbb202a000 JavaThread "Reference Handler" daemon [_thread_blocked, id=13827, stack(0x0000700000b38000,0x0000700000c38000)]
  0x00007fcbb2800800 JavaThread "main" [_thread_blocked, id=5891, stack(0x000070000011a000,0x000070000021a000)]

Other Threads:
  0x00007fcbb2025800 VMThread [stack: 0x0000700000a35000,0x0000700000b35000] [id=13315]
  0x00007fcbb2037000 WatcherThread [stack: 0x00007000017e2000,0x00007000018e2000] [id=23555]

VM state:not at safepoint (normal execution)

VM Mutex/Monitor currently owned by a thread: None

Heap:
 PSYoungGen      total 76288K, used 7864K [0x000000076ab00000, 0x0000000770000000, 0x00000007c0000000)
  eden space 65536K, 12% used [0x000000076ab00000,0x000000076b2ae228,0x000000076eb00000)
  from space 10752K, 0% used [0x000000076f580000,0x000000076f580000,0x0000000770000000)
  to   space 10752K, 0% used [0x000000076eb00000,0x000000076eb00000,0x000000076f580000)
 ParOldGen       total 175104K, used 0K [0x00000006c0000000, 0x00000006cab00000, 0x000000076ab00000)
  object space 175104K, 0% used [0x00000006c0000000,0x00000006c0000000,0x00000006cab00000)
 Metaspace       used 4110K, capacity 4916K, committed 5120K, reserved 1056768K
  class space    used 477K, capacity 496K, committed 512K, reserved 1048576K

Card table byte_map: [0x0000000114f60000,0x0000000115761000] byte_map_base: 0x0000000111960000

Marking Bits: (ParMarkBitMap*) 0x00000001054e3ea0
 Begin Bits: [0x0000000115cb7000, 0x0000000119cb7000)
 End Bits:   [0x0000000119cb7000, 0x000000011dcb7000)

Polling page: 0x0000000103bac000

CodeCache: size=245760Kb used=1536Kb max_used=1549Kb free=244223Kb
 bounds [0x0000000105ba0000, 0x0000000105e10000, 0x0000000114ba0000]
 total_blobs=456 nmethods=199 adapters=179
 compilation: enabled

Compilation events (10 events):
Event: 0.210 Thread 0x00007fcbb1837800 nmethod 195 0x0000000105d1ccd0 code [0x0000000105d1ce80, 0x0000000105d1d448]
Event: 0.210 Thread 0x00007fcbb1837800  196       3       csula.cs4660.games.models.MiniMaxState::equals (36 bytes)
Event: 0.210 Thread 0x00007fcbb1837800 nmethod 196 0x0000000105d1d590 code [0x0000000105d1d720, 0x0000000105d1db90]
Event: 0.210 Thread 0x00007fcbb1837800  197       3       java.util.HashMap::containsKey (18 bytes)
Event: 0.210 Thread 0x00007fcbb1837800 nmethod 197 0x0000000105d1dc90 code [0x0000000105d1de20, 0x0000000105d1e218]
Event: 0.210 Thread 0x00007fcbb1837800  199   !   3       java.net.URL::set (114 bytes)
Event: 0.211 Thread 0x00007fcbb1837800 nmethod 199 0x0000000105d1e350 code [0x0000000105d1e540, 0x0000000105d1f198]
Event: 0.211 Thread 0x00007fcbb1837800  198       1       java.util.LinkedHashMap::removeEldestEntry (2 bytes)
Event: 0.211 Thread 0x00007fcbb1837800 nmethod 198 0x0000000105d1f810 code [0x0000000105d1f960, 0x0000000105d1fa70]
Event: 0.214 Thread 0x00007fcbb2055000 nmethod 181% 0x0000000105d23050 code [0x0000000105d231e0, 0x0000000105d23b58]

GC Heap History (0 events):
No events

Deoptimization events (0 events):
No events

Internal exceptions (2 events):
Event: 0.026 Thread 0x00007fcbb2800800 Exception <a 'java/lang/NoSuchMethodError': Method sun.misc.Unsafe.defineClass(Ljava/lang/String;[BII)Ljava/lang/Class; name or signature does not match> (0x000000076ab07cc0) thrown at [/Users/java_re/workspace/8-2-build-macosx-x86_64/jdk8u77/6540/hotspot
Event: 0.026 Thread 0x00007fcbb2800800 Exception <a 'java/lang/NoSuchMethodError': Method sun.misc.Unsafe.prefetchRead(Ljava/lang/Object;J)V name or signature does not match> (0x000000076ab07fa8) thrown at [/Users/java_re/workspace/8-2-build-macosx-x86_64/jdk8u77/6540/hotspot/src/share/vm/prim

Events (10 events):
Event: 623.447 Executing VM operation: GetCurrentLocation
Event: 623.447 Executing VM operation: GetCurrentLocation done
Event: 623.447 Executing VM operation: EnterInterpOnlyMode
Event: 623.447 Executing VM operation: EnterInterpOnlyMode done
Event: 623.447 Executing VM operation: ChangeSingleStep
Event: 623.447 Executing VM operation: ChangeSingleStep done
Event: 623.447 Executing VM operation: ChangeSingleStep
Event: 623.447 Executing VM operation: ChangeSingleStep done
Event: 623.449 Executing VM operation: RedefineClasses
Event: 623.450 Executing VM operation: RedefineClasses done


Dynamic libraries:
0x0000000006fcf000 	/System/Library/Frameworks/Cocoa.framework/Versions/A/Cocoa
0x0000000006fcf000 	/System/Library/Frameworks/Security.framework/Versions/A/Security
0x0000000006fcf000 	/System/Library/Frameworks/ApplicationServices.framework/Versions/A/ApplicationServices
0x0000000006fcf000 	/usr/lib/libz.1.dylib
0x0000000006fcf000 	/usr/lib/libSystem.B.dylib
0x0000000006fcf000 	/usr/lib/libobjc.A.dylib
0x0000000006fcf000 	/System/Library/Frameworks/CoreFoundation.framework/Versions/A/CoreFoundation
0x0000000006fcf000 	/System/Library/Frameworks/Foundation.framework/Versions/C/Foundation
0x0000000006fcf000 	/System/Library/Frameworks/AppKit.framework/Versions/C/AppKit
0x0000000006fcf000 	/System/Library/Frameworks/CoreData.framework/Versions/A/CoreData
0x0000000006fcf000 	/System/Library/PrivateFrameworks/RemoteViewServices.framework/Versions/A/RemoteViewServices
0x0000000006fcf000 	/System/Library/PrivateFrameworks/UIFoundation.framework/Versions/A/UIFoundation
0x0000000006fcf000 	/usr/lib/libScreenReader.dylib
0x0000000006fcf000 	/System/Library/Frameworks/Accelerate.framework/Versions/A/Accelerate
0x0000000006fcf000 	/System/Library/Frameworks/IOSurface.framework/Versions/A/IOSurface
0x0000000006fcf000 	/System/Library/Frameworks/AudioToolbox.framework/Versions/A/AudioToolbox
0x0000000006fcf000 	/System/Library/Frameworks/AudioUnit.framework/Versions/A/AudioUnit
0x0000000006fcf000 	/System/Library/PrivateFrameworks/DataDetectorsCore.framework/Versions/A/DataDetectorsCore
0x0000000006fcf000 	/System/Library/PrivateFrameworks/DesktopServicesPriv.framework/Versions/A/DesktopServicesPriv
0x0000000006fcf000 	/System/Library/Frameworks/Carbon.framework/Versions/A/Frameworks/HIToolbox.framework/Versions/A/HIToolbox
0x0000000006fcf000 	/System/Library/Frameworks/QuartzCore.framework/Versions/A/QuartzCore
0x0000000006fcf000 	/System/Library/Frameworks/Carbon.framework/Versions/A/Frameworks/SpeechRecognition.framework/Versions/A/SpeechRecognition
0x0000000006fcf000 	/usr/lib/libauto.dylib
0x0000000006fcf000 	/usr/lib/libicucore.A.dylib
0x0000000006fcf000 	/usr/lib/libxml2.2.dylib
0x0000000006fcf000 	/System/Library/PrivateFrameworks/CoreUI.framework/Versions/A/CoreUI
0x0000000006fcf000 	/System/Library/Frameworks/CoreAudio.framework/Versions/A/CoreAudio
0x0000000006fcf000 	/System/Library/Frameworks/DiskArbitration.framework/Versions/A/DiskArbitration
0x0000000006fcf000 	/usr/lib/liblangid.dylib
0x0000000006fcf000 	/System/Library/PrivateFrameworks/MultitouchSupport.framework/Versions/A/MultitouchSupport
0x0000000006fcf000 	/System/Library/Frameworks/IOKit.framework/Versions/A/IOKit
0x0000000006fcf000 	/usr/lib/libDiagnosticMessagesClient.dylib
0x0000000006fcf000 	/System/Library/Frameworks/CoreServices.framework/Versions/A/CoreServices
0x0000000006fcf000 	/System/Library/PrivateFrameworks/PerformanceAnalysis.framework/Versions/A/PerformanceAnalysis
0x0000000006fcf000 	/System/Library/PrivateFrameworks/GenerationalStorage.framework/Versions/A/GenerationalStorage
0x0000000006fcf000 	/System/Library/Frameworks/OpenGL.framework/Versions/A/OpenGL
0x0000000006fcf000 	/System/Library/PrivateFrameworks/Sharing.framework/Versions/A/Sharing
0x0000000006fcf000 	/System/Library/Frameworks/CoreGraphics.framework/Versions/A/CoreGraphics
0x0000000006fcf000 	/System/Library/Frameworks/CoreImage.framework/Versions/A/CoreImage
0x0000000006fcf000 	/System/Library/Frameworks/CoreText.framework/Versions/A/CoreText
0x0000000006fcf000 	/System/Library/Frameworks/ImageIO.framework/Versions/A/ImageIO
0x0000000006fcf000 	/System/Library/PrivateFrameworks/Backup.framework/Versions/A/Backup
0x0000000006fcf000 	/usr/lib/libextension.dylib
0x0000000006fcf000 	/usr/lib/libarchive.2.dylib
0x0000000006fcf000 	/System/Library/Frameworks/CFNetwork.framework/Versions/A/CFNetwork
0x0000000006fcf000 	/System/Library/Frameworks/SystemConfiguration.framework/Versions/A/SystemConfiguration
0x0000000006fcf000 	/usr/lib/libCRFSuite.dylib
0x0000000006fcf000 	/usr/lib/libc++.1.dylib
0x0000000006fcf000 	/usr/lib/libc++abi.dylib
0x0000000006fcf000 	/usr/lib/system/libcache.dylib
0x0000000006fcf000 	/usr/lib/system/libcommonCrypto.dylib
0x0000000006fcf000 	/usr/lib/system/libcompiler_rt.dylib
0x0000000006fcf000 	/usr/lib/system/libcopyfile.dylib
0x0000000006fcf000 	/usr/lib/system/libcorecrypto.dylib
0x0000000006fcf000 	/usr/lib/system/libdispatch.dylib
0x0000000006fcf000 	/usr/lib/system/libdyld.dylib
0x0000000006fcf000 	/usr/lib/system/libkeymgr.dylib
0x0000000006fcf000 	/usr/lib/system/liblaunch.dylib
0x0000000006fcf000 	/usr/lib/system/libmacho.dylib
0x0000000006fcf000 	/usr/lib/system/libquarantine.dylib
0x0000000006fcf000 	/usr/lib/system/libremovefile.dylib
0x0000000006fcf000 	/usr/lib/system/libsystem_asl.dylib
0x0000000006fcf000 	/usr/lib/system/libsystem_blocks.dylib
0x0000000006fcf000 	/usr/lib/system/libsystem_c.dylib
0x0000000006fcf000 	/usr/lib/system/libsystem_configuration.dylib
0x0000000006fcf000 	/usr/lib/system/libsystem_coreservices.dylib
0x0000000006fcf000 	/usr/lib/system/libsystem_coretls.dylib
0x0000000006fcf000 	/usr/lib/system/libsystem_dnssd.dylib
0x0000000006fcf000 	/usr/lib/system/libsystem_info.dylib
0x0000000006fcf000 	/usr/lib/system/libsystem_kernel.dylib
0x0000000006fcf000 	/usr/lib/system/libsystem_m.dylib
0x0000000006fcf000 	/usr/lib/system/libsystem_malloc.dylib
0x0000000006fcf000 	/usr/lib/system/libsystem_network.dylib
0x0000000006fcf000 	/usr/lib/system/libsystem_networkextension.dylib
0x0000000006fcf000 	/usr/lib/system/libsystem_notify.dylib
0x0000000006fcf000 	/usr/lib/system/libsystem_platform.dylib
0x0000000006fcf000 	/usr/lib/system/libsystem_pthread.dylib
0x0000000006fcf000 	/usr/lib/system/libsystem_sandbox.dylib
0x0000000006fcf000 	/usr/lib/system/libsystem_secinit.dylib
0x0000000006fcf000 	/usr/lib/system/libsystem_trace.dylib
0x0000000006fcf000 	/usr/lib/system/libunc.dylib
0x0000000006fcf000 	/usr/lib/system/libunwind.dylib
0x0000000006fcf000 	/usr/lib/system/libxpc.dylib
0x0000000006fcf000 	/usr/lib/libenergytrace.dylib
0x0000000006fcf000 	/usr/lib/libbsm.0.dylib
0x0000000006fcf000 	/usr/lib/system/libkxld.dylib
0x0000000006fcf000 	/usr/lib/libxar.1.dylib
0x0000000006fcf000 	/usr/lib/libsqlite3.dylib
0x0000000006fcf000 	/usr/lib/libpam.2.dylib
0x0000000006fcf000 	/usr/lib/libOpenScriptingUtil.dylib
0x0000000006fcf000 	/usr/lib/libbz2.1.0.dylib
0x0000000006fcf000 	/usr/lib/liblzma.5.dylib
0x0000000006fcf000 	/System/Library/Frameworks/CoreServices.framework/Versions/A/Frameworks/FSEvents.framework/Versions/A/FSEvents
0x0000000006fcf000 	/System/Library/Frameworks/CoreServices.framework/Versions/A/Frameworks/CarbonCore.framework/Versions/A/CarbonCore
0x0000000006fcf000 	/System/Library/Frameworks/CoreServices.framework/Versions/A/Frameworks/Metadata.framework/Versions/A/Metadata
0x0000000006fcf000 	/System/Library/Frameworks/CoreServices.framework/Versions/A/Frameworks/OSServices.framework/Versions/A/OSServices
0x0000000006fcf000 	/System/Library/Frameworks/CoreServices.framework/Versions/A/Frameworks/SearchKit.framework/Versions/A/SearchKit
0x0000000006fcf000 	/System/Library/Frameworks/CoreServices.framework/Versions/A/Frameworks/AE.framework/Versions/A/AE
0x0000000006fcf000 	/System/Library/Frameworks/CoreServices.framework/Versions/A/Frameworks/LaunchServices.framework/Versions/A/LaunchServices
0x0000000006fcf000 	/System/Library/Frameworks/CoreServices.framework/Versions/A/Frameworks/DictionaryServices.framework/Versions/A/DictionaryServices
0x0000000006fcf000 	/System/Library/Frameworks/CoreServices.framework/Versions/A/Frameworks/SharedFileList.framework/Versions/A/SharedFileList
0x0000000006fcf000 	/System/Library/Frameworks/NetFS.framework/Versions/A/NetFS
0x0000000006fcf000 	/System/Library/PrivateFrameworks/NetAuth.framework/Versions/A/NetAuth
0x0000000006fcf000 	/System/Library/PrivateFrameworks/login.framework/Versions/A/Frameworks/loginsupport.framework/Versions/A/loginsupport
0x0000000006fcf000 	/System/Library/PrivateFrameworks/TCC.framework/Versions/A/TCC
0x0000000006fcf000 	/usr/lib/libmecabra.dylib
0x0000000006fcf000 	/System/Library/Frameworks/ApplicationServices.framework/Versions/A/Frameworks/ATS.framework/Versions/A/ATS
0x0000000006fcf000 	/System/Library/Frameworks/ApplicationServices.framework/Versions/A/Frameworks/ColorSync.framework/Versions/A/ColorSync
0x0000000006fcf000 	/System/Library/Frameworks/ApplicationServices.framework/Versions/A/Frameworks/HIServices.framework/Versions/A/HIServices
0x0000000006fcf000 	/System/Library/Frameworks/ApplicationServices.framework/Versions/A/Frameworks/LangAnalysis.framework/Versions/A/LangAnalysis
0x0000000006fcf000 	/System/Library/Frameworks/ApplicationServices.framework/Versions/A/Frameworks/PrintCore.framework/Versions/A/PrintCore
0x0000000006fcf000 	/System/Library/Frameworks/ApplicationServices.framework/Versions/A/Frameworks/QD.framework/Versions/A/QD
0x0000000006fcf000 	/System/Library/Frameworks/ApplicationServices.framework/Versions/A/Frameworks/SpeechSynthesis.framework/Versions/A/SpeechSynthesis
0x0000000006fcf000 	/System/Library/Frameworks/Metal.framework/Versions/A/Metal
0x0000000006fcf000 	/System/Library/Frameworks/Accelerate.framework/Versions/A/Frameworks/vImage.framework/Versions/A/vImage
0x0000000006fcf000 	/System/Library/Frameworks/Accelerate.framework/Versions/A/Frameworks/vecLib.framework/Versions/A/vecLib
0x0000000006fcf000 	/System/Library/Frameworks/Accelerate.framework/Versions/A/Frameworks/vecLib.framework/Versions/A/libvDSP.dylib
0x0000000006fcf000 	/System/Library/Frameworks/Accelerate.framework/Versions/A/Frameworks/vecLib.framework/Versions/A/libvMisc.dylib
0x0000000006fcf000 	/System/Library/Frameworks/Accelerate.framework/Versions/A/Frameworks/vecLib.framework/Versions/A/libLAPACK.dylib
0x0000000006fcf000 	/System/Library/Frameworks/Accelerate.framework/Versions/A/Frameworks/vecLib.framework/Versions/A/libBLAS.dylib
0x0000000006fcf000 	/System/Library/Frameworks/Accelerate.framework/Versions/A/Frameworks/vecLib.framework/Versions/A/libLinearAlgebra.dylib
0x0000000006fcf000 	/System/Library/Frameworks/Accelerate.framework/Versions/A/Frameworks/vecLib.framework/Versions/A/libSparseBLAS.dylib
0x0000000006fcf000 	/System/Library/PrivateFrameworks/GPUCompiler.framework/libmetal_timestamp.dylib
0x0000000006fcf000 	/System/Library/Frameworks/OpenGL.framework/Versions/A/Libraries/libCoreFSCache.dylib
0x0000000006fcf000 	/System/Library/PrivateFrameworks/IOAccelerator.framework/Versions/A/IOAccelerator
0x0000000006fcf000 	/System/Library/Frameworks/ApplicationServices.framework/Versions/A/Frameworks/ATS.framework/Versions/A/Resources/libFontParser.dylib
0x0000000006fcf000 	/System/Library/Frameworks/ApplicationServices.framework/Versions/A/Frameworks/ATS.framework/Versions/A/Resources/libFontRegistry.dylib
0x0000000006fcf000 	/System/Library/PrivateFrameworks/AppleVPA.framework/Versions/A/AppleVPA
0x0000000006fcf000 	/System/Library/PrivateFrameworks/AppleJPEG.framework/Versions/A/AppleJPEG
0x0000000006fcf000 	/System/Library/Frameworks/ImageIO.framework/Versions/A/Resources/libJPEG.dylib
0x0000000006fcf000 	/System/Library/Frameworks/ImageIO.framework/Versions/A/Resources/libTIFF.dylib
0x0000000006fcf000 	/System/Library/Frameworks/ImageIO.framework/Versions/A/Resources/libPng.dylib
0x0000000006fcf000 	/System/Library/Frameworks/ImageIO.framework/Versions/A/Resources/libGIF.dylib
0x0000000006fcf000 	/System/Library/Frameworks/ImageIO.framework/Versions/A/Resources/libJP2.dylib
0x0000000006fcf000 	/System/Library/Frameworks/ImageIO.framework/Versions/A/Resources/libRadiance.dylib
0x0000000006fcf000 	/System/Library/Frameworks/CoreVideo.framework/Versions/A/CoreVideo
0x0000000006fcf000 	/System/Library/Frameworks/OpenGL.framework/Versions/A/Libraries/libGLU.dylib
0x0000000006fcf000 	/System/Library/Frameworks/OpenGL.framework/Versions/A/Libraries/libGFXShared.dylib
0x0000000006fcf000 	/System/Library/Frameworks/OpenGL.framework/Versions/A/Libraries/libGL.dylib
0x0000000006fcf000 	/System/Library/Frameworks/OpenGL.framework/Versions/A/Libraries/libGLImage.dylib
0x0000000006fcf000 	/System/Library/Frameworks/OpenGL.framework/Versions/A/Libraries/libCVMSPluginSupport.dylib
0x0000000006fcf000 	/System/Library/Frameworks/OpenGL.framework/Versions/A/Libraries/libCoreVMClient.dylib
0x0000000006fcf000 	/usr/lib/libcompression.dylib
0x0000000006fcf000 	/usr/lib/libcups.2.dylib
0x0000000006fcf000 	/System/Library/Frameworks/Kerberos.framework/Versions/A/Kerberos
0x0000000006fcf000 	/System/Library/Frameworks/GSS.framework/Versions/A/GSS
0x0000000006fcf000 	/usr/lib/libresolv.9.dylib
0x0000000006fcf000 	/usr/lib/libiconv.2.dylib
0x0000000006fcf000 	/System/Library/PrivateFrameworks/Heimdal.framework/Versions/A/Heimdal
0x0000000006fcf000 	/usr/lib/libheimdal-asn1.dylib
0x0000000006fcf000 	/System/Library/Frameworks/OpenDirectory.framework/Versions/A/OpenDirectory
0x0000000006fcf000 	/System/Library/PrivateFrameworks/CommonAuth.framework/Versions/A/CommonAuth
0x0000000006fcf000 	/System/Library/Frameworks/OpenDirectory.framework/Versions/A/Frameworks/CFOpenDirectory.framework/Versions/A/CFOpenDirectory
0x0000000006fcf000 	/System/Library/Frameworks/SecurityFoundation.framework/Versions/A/SecurityFoundation
0x0000000006fcf000 	/System/Library/PrivateFrameworks/LanguageModeling.framework/Versions/A/LanguageModeling
0x0000000006fcf000 	/usr/lib/libmarisa.dylib
0x0000000006fcf000 	/usr/lib/libChineseTokenizer.dylib
0x0000000006fcf000 	/usr/lib/libcmph.dylib
0x0000000006fcf000 	/System/Library/Frameworks/ServiceManagement.framework/Versions/A/ServiceManagement
0x0000000006fcf000 	/usr/lib/libxslt.1.dylib
0x0000000006fcf000 	/System/Library/Frameworks/Carbon.framework/Versions/A/Frameworks/Ink.framework/Versions/A/Ink
0x0000000006fcf000 	/usr/lib/libFosl_dynamic.dylib
0x0000000006fcf000 	/System/Library/PrivateFrameworks/FaceCore.framework/Versions/A/FaceCore
0x0000000006fcf000 	/System/Library/Frameworks/OpenCL.framework/Versions/A/OpenCL
0x0000000006fcf000 	/System/Library/PrivateFrameworks/CrashReporterSupport.framework/Versions/A/CrashReporterSupport
0x0000000006fcf000 	/System/Library/PrivateFrameworks/IconServices.framework/Versions/A/IconServices
0x0000000006fcf000 	/System/Library/PrivateFrameworks/Apple80211.framework/Versions/A/Apple80211
0x0000000006fcf000 	/System/Library/Frameworks/CoreWLAN.framework/Versions/A/CoreWLAN
0x0000000006fcf000 	/System/Library/Frameworks/IOBluetooth.framework/Versions/A/IOBluetooth
0x0000000006fcf000 	/System/Library/PrivateFrameworks/CoreWiFi.framework/Versions/A/CoreWiFi
0x0000000006fcf000 	/System/Library/Frameworks/CoreBluetooth.framework/Versions/A/CoreBluetooth
0x0000000006fcf000 	/System/Library/PrivateFrameworks/ChunkingLibrary.framework/Versions/A/ChunkingLibrary
0x0000000006fcf000 	/System/Library/PrivateFrameworks/DebugSymbols.framework/Versions/A/DebugSymbols
0x0000000006fcf000 	/System/Library/PrivateFrameworks/CoreSymbolication.framework/Versions/A/CoreSymbolication
0x0000000006fcf000 	/System/Library/PrivateFrameworks/Symbolication.framework/Versions/A/Symbolication
0x0000000006fcf000 	/System/Library/PrivateFrameworks/SpeechRecognitionCore.framework/Versions/A/SpeechRecognitionCore
0x0000000104c00000 	/Library/Java/JavaVirtualMachines/jdk1.8.0_77.jdk/Contents/Home/jre/lib/server/libjvm.dylib
0x0000000006fcf000 	/usr/lib/libstdc++.6.dylib
0x0000000103b69000 	/Library/Java/JavaVirtualMachines/jdk1.8.0_77.jdk/Contents/Home/jre/lib/libverify.dylib
0x0000000103b77000 	/Library/Java/JavaVirtualMachines/jdk1.8.0_77.jdk/Contents/Home/jre/lib/libjava.dylib
0x0000000103bad000 	/Library/Java/JavaVirtualMachines/jdk1.8.0_77.jdk/Contents/Home/jre/lib/libjdwp.dylib
0x0000000103bf8000 	/Library/Java/JavaVirtualMachines/jdk1.8.0_77.jdk/Contents/Home/jre/lib/libnpt.dylib
0x0000000105b97000 	/Library/Java/JavaVirtualMachines/jdk1.8.0_77.jdk/Contents/Home/jre/lib/libzip.dylib
0x0000000120c55000 	/System/Library/Frameworks/JavaVM.framework/Frameworks/JavaRuntimeSupport.framework/JavaRuntimeSupport
0x0000000120c70000 	/System/Library/Frameworks/JavaVM.framework/Versions/A/Frameworks/JavaNativeFoundation.framework/Versions/A/JavaNativeFoundation
0x0000000120c85000 	/System/Library/Frameworks/JavaVM.framework/Versions/A/JavaVM
0x0000000006fcf000 	/System/Library/Frameworks/Carbon.framework/Versions/A/Carbon
0x0000000120c92000 	/System/Library/PrivateFrameworks/JavaLaunching.framework/Versions/A/JavaLaunching
0x0000000006fcf000 	/System/Library/Frameworks/Carbon.framework/Versions/A/Frameworks/CommonPanels.framework/Versions/A/CommonPanels
0x0000000006fcf000 	/System/Library/Frameworks/Carbon.framework/Versions/A/Frameworks/Help.framework/Versions/A/Help
0x0000000006fcf000 	/System/Library/Frameworks/Carbon.framework/Versions/A/Frameworks/ImageCapture.framework/Versions/A/ImageCapture
0x0000000006fcf000 	/System/Library/Frameworks/Carbon.framework/Versions/A/Frameworks/OpenScripting.framework/Versions/A/OpenScripting
0x0000000006fcf000 	/System/Library/Frameworks/Carbon.framework/Versions/A/Frameworks/Print.framework/Versions/A/Print
0x0000000006fcf000 	/System/Library/Frameworks/Carbon.framework/Versions/A/Frameworks/SecurityHI.framework/Versions/A/SecurityHI
0x00000001225b3000 	/Library/Java/JavaVirtualMachines/jdk1.8.0_77.jdk/Contents/Home/jre/lib/libdt_socket.dylib
0x000000012263c000 	/Library/Java/JavaVirtualMachines/jdk1.8.0_77.jdk/Contents/Home/jre/lib/libnet.dylib

VM Arguments:
jvm_args: -agentlib:jdwp=transport=dt_socket,suspend=y,address=localhost:57438 -Dfile.encoding=UTF-8 
java_command: org.eclipse.jdt.internal.junit.runner.RemoteTestRunner -version 3 -port 57437 -testLoaderClass org.eclipse.jdt.internal.junit4.runner.JUnit4TestLoader -loaderpluginname org.eclipse.jdt.junit4.runtime -classNames csula.cs4660.games.AlphaBetaTest
java_class_path (initial): /Users/mohan/Documents/AILatest/bin:/Users/mohan/.gradle/caches/modules-2/files-2.1/com.fasterxml.jackson.core/jackson-annotations/2.8.0/45b426f7796b741035581a176744d91090e2e6fb/jackson-annotations-2.8.0.jar:/Users/mohan/.gradle/caches/modules-2/files-2.1/com.fasterxml.jackson.core/jackson-core/2.8.3/5e1dc37c96308851c3ff609c250dc849c4b12022/jackson-core-2.8.3.jar:/Users/mohan/.gradle/caches/modules-2/files-2.1/com.fasterxml.jackson.core/jackson-databind/2.8.3/cea3788c72271d45676ce32c0665991674b24cc5/jackson-databind-2.8.3.jar:/Users/mohan/.gradle/caches/modules-2/files-2.1/com.google.guava/guava/19.0/6ce200f6b23222af3d8abb6b6459e6c44f4bb0e9/guava-19.0.jar:/Users/mohan/.gradle/caches/modules-2/files-2.1/com.mashape.unirest/unirest-java/1.4.9/778cffcba803dc7d43932266aef4c91f5b6b4dd0/unirest-java-1.4.9.jar:/Users/mohan/.gradle/caches/modules-2/files-2.1/commons-codec/commons-codec/1.9/9ce04e34240f674bc72680f8b843b1457383161a/commons-codec-1.9.jar:/Users/mohan/.gradle/caches/modules-2/files-2.1/commons-logging/commons-logging/1.2/4bfc12adfe4842bf07b657f0369c4cb522955686/commons-logging-1.2.jar:/Users/mohan/.gradle/caches/modules-2/files-2.1/junit/junit/4.11/4e031bb61df09069aeb2bffb4019e7a5034a4ee0/junit-4.11.jar:/Users/mohan/.gradle/caches/modules-2/files-2.1/org.apache.commons/commons-lang3/3.0/8873bd0bb5cb9ee37f1b04578eb7e26fcdd44cb0/commons-lang3-3.0.jar:/Users/mohan/.gradle/caches/modules-2/files-2.1/org.apache.httpcomponents/httpasyncclient/4.1.1/dd624f5a0ff43eb5cdf828d9739d3177ee00a5a9/httpasyncclient-4.1.1.jar:/Users/mohan/.gradle/caches/modules-2/files-2.1/org.apache.httpcomponents/httpclient/4.5.2/733db77aa8d9b2d68015189df76ab06304406e50/httpclient-4.5.2.jar:/Users/mohan/.gradle/caches/modules-2/files-2.1/org.apache.httpcomponents/httpcore-nio/4.4.4/16badfc2d99db264c486ba8c57ae577301a58bd9/httpcore-nio-4.4.4.jar:/Users/mohan/.gradle/caches/modules-2/files-2.1/org.apache.httpcomponents/httpcore/4.4.4/b31526a230871fbe285fbcbe2813f9c08
Launcher Type: SUN_STANDARD

Environment Variables:
PATH=/usr/bin:/bin:/usr/sbin:/sbin
SHELL=/bin/bash

Signal Handlers:
SIGSEGV: [libjvm.dylib+0x5a6855], sa_mask[0]=11111111011111110111111111111111, sa_flags=SA_ONSTACK|SA_RESTART|SA_SIGINFO
SIGBUS: [libjvm.dylib+0x5a6855], sa_mask[0]=11111111011111110111111111111111, sa_flags=SA_RESTART|SA_SIGINFO
SIGFPE: [libjvm.dylib+0x4804ec], sa_mask[0]=11111111011111110111111111111111, sa_flags=SA_RESTART|SA_SIGINFO
SIGPIPE: [libjvm.dylib+0x4804ec], sa_mask[0]=11111111011111110111111111111111, sa_flags=SA_RESTART|SA_SIGINFO
SIGXFSZ: [libjvm.dylib+0x4804ec], sa_mask[0]=11111111011111110111111111111111, sa_flags=SA_RESTART|SA_SIGINFO
SIGILL: [libjvm.dylib+0x4804ec], sa_mask[0]=11111111011111110111111111111111, sa_flags=SA_RESTART|SA_SIGINFO
SIGUSR1: SIG_DFL, sa_mask[0]=00000000000000000000000000000000, sa_flags=none
SIGUSR2: [libjvm.dylib+0x48000a], sa_mask[0]=00100000000000000000000000000000, sa_flags=SA_RESTART|SA_SIGINFO
SIGHUP: [libjvm.dylib+0x47e5e1], sa_mask[0]=11111111011111110111111111111111, sa_flags=SA_RESTART|SA_SIGINFO
SIGINT: [libjvm.dylib+0x47e5e1], sa_mask[0]=11111111011111110111111111111111, sa_flags=SA_RESTART|SA_SIGINFO
SIGTERM: [libjvm.dylib+0x47e5e1], sa_mask[0]=11111111011111110111111111111111, sa_flags=SA_RESTART|SA_SIGINFO
SIGQUIT: [libjvm.dylib+0x47e5e1], sa_mask[0]=11111111011111110111111111111111, sa_flags=SA_RESTART|SA_SIGINFO


---------------  S Y S T E M  ---------------

OS:Bsduname:Darwin 15.6.0 Darwin Kernel Version 15.6.0: Thu Jun 23 18:25:34 PDT 2016; root:xnu-3248.60.10~1/RELEASE_X86_64 x86_64
rlimit: STACK 8192k, CORE 0k, NPROC 709, NOFILE 10240, AS infinity
load average:1.60 1.68 1.68

CPU:total 8 (4 cores per cpu, 2 threads per core) family 6 model 70 stepping 1, cmov, cx8, fxsr, mmx, sse, sse2, sse3, ssse3, sse4.1, sse4.2, popcnt, avx, avx2, aes, clmul, erms, lzcnt, ht, tsc, tscinvbit, bmi1, bmi2

Memory: 4k page, physical 16777216k(272860k free)

/proc/meminfo:


vm_info: Java HotSpot(TM) 64-Bit Server VM (25.77-b03) for bsd-amd64 JRE (1.8.0_77-b03), built on Mar 20 2016 22:14:03 by "java_re" with gcc 4.2.1 (Based on Apple Inc. build 5658) (LLVM build 2336.11.00)

time: Wed Nov 16 22:00:19 2016
elapsed time: 623 seconds (0d 0h 10m 23s)

