#
# A fatal error has been detected by the Java Runtime Environment:
#
#  SIGSEGV (0xb) at pc=0x000000010dc462c8, pid=2195, tid=19459
#
# JRE version: Java(TM) SE Runtime Environment (8.0_77-b03) (build 1.8.0_77-b03)
# Java VM: Java HotSpot(TM) 64-Bit Server VM (25.77-b03 mixed mode bsd-amd64 compressed oops)
# Problematic frame:
# V  [libjvm.dylib+0x4462c8]  Method::checked_resolve_jmethod_id(_jmethodID*)+0xe
#
# Failed to write core dump. Core dumps have been disabled. To enable core dumping, try "ulimit -c unlimited" before starting Java again
#
# If you would like to submit a bug report, please visit:
#   http://bugreport.java.com/bugreport/crash.jsp
#

---------------  T H R E A D  ---------------

Current thread (0x00007fcd8c80e000):  JavaThread "JDWP Transport Listener: dt_socket" daemon [_thread_in_vm, id=19459, stack(0x0000700000fca000,0x00007000010ca000)]

siginfo: si_signo: 11 (SIGSEGV), si_code: 0 (unknown), si_addr: 0x0000000000000000

Registers:
RAX=0x0000000000000001, RBX=0x00007000010c9a8b, RCX=0x000000010e015340, RDX=0x00007000010c9a8b
RSP=0x00007000010c99d0, RBP=0x00007000010c99e0, RSI=0x00007fcd8c80e000, RDI=0x4000000000000000
R8 =0x0000000000000000, R9 =0x00007fcd8d119820, R10=0x00000000ad1ff8bd, R11=0x00007fcd8d100000
R12=0x00007fcd8c80e000, R13=0x4000000000000000, R14=0x4000000000000000, R15=0x00007fcd8b501fe0
RIP=0x000000010dc462c8, EFLAGS=0x0000000000010206, ERR=0x0000000000000000
  TRAPNO=0x000000000000000d

Top of Stack: (sp=0x00007000010c99d0)
0x00007000010c99d0:   00007000010c9a8b 00007000010c9a8b
0x00007000010c99e0:   00007000010c9a40 000000010db552fe
0x00007000010c99f0:   00007fcd8c80e000 0000000000000000
0x00007000010c9a00:   0000000000000000 0000000000000000
0x00007000010c9a10:   00007fcd8c80e000 00007fcd8c80e000
0x00007000010c9a20:   00007000010c9a8b 00007000010c9a90
0x00007000010c9a30:   4000000000000000 000000000000000b
0x00007000010c9a40:   00007000010c9a60 000000010c66f780
0x00007000010c9a50:   0000000000000001 00007000010c9b08
0x00007000010c9a60:   00007000010c9ad0 000000010c6541f3
0x00007000010c9a70:   00007000010c9aa0 00007fcd8d11f310
0x00007000010c9a80:   0000000c00000032 0000000a000c9b08
0x00007000010c9a90:   0000000000000000 0000000000000000
0x00007000010c9aa0:   0000000000000000 00007000010c9c90
0x00007000010c9ab0:   000000010c676e7a 00007fcd8b50b480
0x00007000010c9ac0:   00007000010c9b08 000000010c682598
0x00007000010c9ad0:   00007000010c9ae0 000000010c6542ec
0x00007000010c9ae0:   00007000010c9d00 000000010c65d898
0x00007000010c9af0:   0000546b00000013 00000000000f0200
0x00007000010c9b00:   00007fcd8b507f70 00007fcd8d858944
0x00007000010c9b10:   00007fcd0000036c 00007fcd8d1207d0
0x00007000010c9b20:   000000000000012c 00007000010c9b58
0x00007000010c9b30:   00007fcd8d1208f0 0000000000000000
0x00007000010c9b40:   0000546b0000001c 00007fff00005c80
0x00007000010c9b50:   00007000010c9b58 cd7f00000c000000
0x00007000010c9b60:   0800000068fe438b 3e74696e696c633c
0x00007000010c9b70:   0056292803000000 0008000000000000
0x00007000010c9b80:   0060fe438bcd7f00 74696e693c060000
0x00007000010c9b90:   562928030000003e 0000000000000000
0x00007000010c9ba0:   70fe438bcd7f0000 6e69616d04000000
0x00007000010c9bb0:   6a4c5b2816000000 676e616c2f617661
0x00007000010c9bc0:   3b676e697274532f 0000000000005629 

Instructions: (pc=0x000000010dc462c8)
0x000000010dc462a8:   40 48 48 85 c0 75 e0 30 c0 0f b6 c0 5d c3 31 c0
0x000000010dc462b8:   5d c3 55 48 89 e5 53 48 83 ec 08 48 85 ff 74 24
0x000000010dc462c8:   48 8b 1f 48 85 db 74 1c 48 83 fb 37 74 16 48 8b
0x000000010dc462d8:   03 48 89 df ff 50 10 84 c0 b8 00 00 00 00 48 0f 

Register to memory mapping:

RAX=0x0000000000000001 is an unknown value
RBX=0x00007000010c9a8b is pointing into the stack for thread: 0x00007fcd8c80e000
RCX=0x000000010e015340: UseMembar+0 in /Library/Java/JavaVirtualMachines/jdk1.8.0_77.jdk/Contents/Home/jre/lib/server/libjvm.dylib at 0x000000010d800000
RDX=0x00007000010c9a8b is pointing into the stack for thread: 0x00007fcd8c80e000
RSP=0x00007000010c99d0 is pointing into the stack for thread: 0x00007fcd8c80e000
RBP=0x00007000010c99e0 is pointing into the stack for thread: 0x00007fcd8c80e000
RSI=0x00007fcd8c80e000 is a thread
RDI=0x4000000000000000 is an unknown value
R8 =0x0000000000000000 is an unknown value
R9 =0x00007fcd8d119820 is an unknown value
R10=0x00000000ad1ff8bd is an unknown value
R11=0x00007fcd8d100000 is an unknown value
R12=0x00007fcd8c80e000 is a thread
R13=0x4000000000000000 is an unknown value
R14=0x4000000000000000 is an unknown value
R15=0x00007fcd8b501fe0 is an unknown value


Stack: [0x0000700000fca000,0x00007000010ca000],  sp=0x00007000010c99d0,  free space=1022k
Native frames: (J=compiled Java code, j=interpreted, Vv=VM code, C=native code)
V  [libjvm.dylib+0x4462c8]  Method::checked_resolve_jmethod_id(_jmethodID*)+0xe
V  [libjvm.dylib+0x3552fe]  jvmti_IsMethodSynthetic+0xb2
C  [libjdwp.dylib+0x20780]  isMethodSynthetic+0x63
C  [libjdwp.dylib+0x51f3]  methods1+0x10b
C  [libjdwp.dylib+0x52ec]  methodsWithGeneric+0xe
C  [libjdwp.dylib+0xe898]  debugLoop_run+0x1ce
C  [libjdwp.dylib+0x1f6ba]  attachThread+0x4d
V  [libjvm.dylib+0x39665c]  JvmtiAgentThread::call_start_function()+0x38
V  [libjvm.dylib+0x560e03]  JavaThread::thread_main_inner()+0x9b
V  [libjvm.dylib+0x5624fe]  JavaThread::run()+0x1c2
V  [libjvm.dylib+0x482eda]  java_start(Thread*)+0xf6
C  [libsystem_pthread.dylib+0x399d]  _pthread_body+0x83
C  [libsystem_pthread.dylib+0x391a]  _pthread_body+0x0
C  [libsystem_pthread.dylib+0x1351]  thread_start+0xd
C  0x0000000000000000


---------------  P R O C E S S  ---------------

Java Threads: ( => current thread )
  0x00007fcd8e014000 JavaThread "Service Thread" daemon [_thread_blocked, id=23043, stack(0x00007000016df000,0x00007000017df000)]
  0x00007fcd8e000000 JavaThread "C1 CompilerThread3" daemon [_thread_blocked, id=22531, stack(0x00007000015dc000,0x00007000016dc000)]
  0x00007fcd8c80f000 JavaThread "C2 CompilerThread2" daemon [_thread_blocked, id=22019, stack(0x00007000014d9000,0x00007000015d9000)]
  0x00007fcd8d815800 JavaThread "C2 CompilerThread1" daemon [_thread_blocked, id=21507, stack(0x00007000013d6000,0x00007000014d6000)]
  0x00007fcd8d816800 JavaThread "C2 CompilerThread0" daemon [_thread_blocked, id=20995, stack(0x00007000012d3000,0x00007000013d3000)]
  0x00007fcd8b885000 JavaThread "JDWP Command Reader" daemon [_thread_in_native, id=20483, stack(0x00007000011d0000,0x00007000012d0000)]
  0x00007fcd8d80b000 JavaThread "JDWP Event Helper Thread" daemon [_thread_blocked, id=19971, stack(0x00007000010cd000,0x00007000011cd000)]
=>0x00007fcd8c80e000 JavaThread "JDWP Transport Listener: dt_socket" daemon [_thread_in_vm, id=19459, stack(0x0000700000fca000,0x00007000010ca000)]
  0x00007fcd8d807800 JavaThread "Signal Dispatcher" daemon [_thread_blocked, id=18711, stack(0x0000700000ec7000,0x0000700000fc7000)]
  0x00007fcd8b864000 JavaThread "Finalizer" daemon [_thread_blocked, id=14339, stack(0x0000700000c3b000,0x0000700000d3b000)]
  0x00007fcd8b861800 JavaThread "Reference Handler" daemon [_thread_blocked, id=13827, stack(0x0000700000b38000,0x0000700000c38000)]
  0x00007fcd8e001800 JavaThread "main" [_thread_blocked, id=5891, stack(0x000070000011a000,0x000070000021a000)]

Other Threads:
  0x00007fcd8b85d000 VMThread [stack: 0x0000700000a35000,0x0000700000b35000] [id=13315]
  0x00007fcd8d843000 WatcherThread [stack: 0x00007000017e2000,0x00007000018e2000] [id=23555]

VM state:not at safepoint (normal execution)

VM Mutex/Monitor currently owned by a thread: None

Heap:
 PSYoungGen      total 76288K, used 5243K [0x000000076ab00000, 0x0000000770000000, 0x00000007c0000000)
  eden space 65536K, 8% used [0x000000076ab00000,0x000000076b01ecf0,0x000000076eb00000)
  from space 10752K, 0% used [0x000000076f580000,0x000000076f580000,0x0000000770000000)
  to   space 10752K, 0% used [0x000000076eb00000,0x000000076eb00000,0x000000076f580000)
 ParOldGen       total 175104K, used 0K [0x00000006c0000000, 0x00000006cab00000, 0x000000076ab00000)
  object space 175104K, 0% used [0x00000006c0000000,0x00000006c0000000,0x00000006cab00000)
 Metaspace       used 3531K, capacity 4664K, committed 4864K, reserved 1056768K
  class space    used 392K, capacity 424K, committed 512K, reserved 1048576K

Card table byte_map: [0x000000011db4f000,0x000000011e350000] byte_map_base: 0x000000011a54f000

Marking Bits: (ParMarkBitMap*) 0x000000010e0e3ea0
 Begin Bits: [0x000000011e8a6000, 0x00000001228a6000)
 End Bits:   [0x00000001228a6000, 0x00000001268a6000)

Polling page: 0x000000010c64e000

CodeCache: size=245760Kb used=1262Kb max_used=1268Kb free=244498Kb
 bounds [0x000000010e78f000, 0x000000010e9ff000, 0x000000011d78f000]
 total_blobs=355 nmethods=123 adapters=154
 compilation: enabled

Compilation events (10 events):
Event: 0.153 Thread 0x00007fcd8e000000 nmethod 119 0x000000010e8bf910 code [0x000000010e8bfa60, 0x000000010e8bfb70]
Event: 0.154 Thread 0x00007fcd8c80f000 nmethod 105 0x000000010e8cacd0 code [0x000000010e8cae40, 0x000000010e8cb138]
Event: 7.385 Thread 0x00007fcd8e000000  120       1       java.nio.Buffer::position (5 bytes)
Event: 7.385 Thread 0x00007fcd8e000000 nmethod 120 0x000000010e8caa10 code [0x000000010e8cab60, 0x000000010e8cac70]
Event: 7.385 Thread 0x00007fcd8e000000  121       3       java.util.HashMap$HashIterator::nextNode (100 bytes)
Event: 7.385 Thread 0x00007fcd8e000000 nmethod 121 0x000000010e8ca110 code [0x000000010e8ca2c0, 0x000000010e8ca798]
Event: 7.385 Thread 0x00007fcd8e000000  122       3       java.util.HashMap$KeyIterator::next (8 bytes)
Event: 7.386 Thread 0x00007fcd8e000000 nmethod 122 0x000000010e8c9cd0 code [0x000000010e8c9e40, 0x000000010e8ca068]
Event: 404.666 Thread 0x00007fcd8e000000  123       3       java.lang.AbstractStringBuilder::<init> (12 bytes)
Event: 404.666 Thread 0x00007fcd8e000000 nmethod 123 0x000000010e8cde90 code [0x000000010e8ce000, 0x000000010e8ce250]

GC Heap History (0 events):
No events

Deoptimization events (0 events):
No events

Internal exceptions (6 events):
Event: 0.028 Thread 0x00007fcd8e001800 Exception <a 'java/lang/NoSuchMethodError': Method sun.misc.Unsafe.defineClass(Ljava/lang/String;[BII)Ljava/lang/Class; name or signature does not match> (0x000000076ab07cc0) thrown at [/Users/java_re/workspace/8-2-build-macosx-x86_64/jdk8u77/6540/hotspot
Event: 0.028 Thread 0x00007fcd8e001800 Exception <a 'java/lang/NoSuchMethodError': Method sun.misc.Unsafe.prefetchRead(Ljava/lang/Object;J)V name or signature does not match> (0x000000076ab07fa8) thrown at [/Users/java_re/workspace/8-2-build-macosx-x86_64/jdk8u77/6540/hotspot/src/share/vm/prim
Event: 0.132 Thread 0x00007fcd8e001800 Exception <a 'java/security/PrivilegedActionException'> (0x000000076abb0500) thrown at [/Users/java_re/workspace/8-2-build-macosx-x86_64/jdk8u77/6540/hotspot/src/share/vm/prims/jvm.cpp, line 1386]
Event: 0.132 Thread 0x00007fcd8e001800 Exception <a 'java/security/PrivilegedActionException'> (0x000000076abb08f8) thrown at [/Users/java_re/workspace/8-2-build-macosx-x86_64/jdk8u77/6540/hotspot/src/share/vm/prims/jvm.cpp, line 1386]
Event: 0.133 Thread 0x00007fcd8e001800 Exception <a 'java/security/PrivilegedActionException'> (0x000000076abb3d80) thrown at [/Users/java_re/workspace/8-2-build-macosx-x86_64/jdk8u77/6540/hotspot/src/share/vm/prims/jvm.cpp, line 1386]
Event: 0.133 Thread 0x00007fcd8e001800 Exception <a 'java/security/PrivilegedActionException'> (0x000000076abb4178) thrown at [/Users/java_re/workspace/8-2-build-macosx-x86_64/jdk8u77/6540/hotspot/src/share/vm/prims/jvm.cpp, line 1386]

Events (10 events):
Event: 2208.099 Executing VM operation: GetCurrentLocation
Event: 2208.099 Executing VM operation: GetCurrentLocation done
Event: 2208.099 Executing VM operation: EnterInterpOnlyMode
Event: 2208.099 Executing VM operation: EnterInterpOnlyMode done
Event: 2208.099 Executing VM operation: ChangeSingleStep
Event: 2208.099 Executing VM operation: ChangeSingleStep done
Event: 2208.099 Executing VM operation: ChangeSingleStep
Event: 2208.099 Executing VM operation: ChangeSingleStep done
Event: 2208.106 Executing VM operation: RedefineClasses
Event: 2208.108 Executing VM operation: RedefineClasses done


Dynamic libraries:
0x000000000a43f000 	/System/Library/Frameworks/Cocoa.framework/Versions/A/Cocoa
0x000000000a43f000 	/System/Library/Frameworks/Security.framework/Versions/A/Security
0x000000000a43f000 	/System/Library/Frameworks/ApplicationServices.framework/Versions/A/ApplicationServices
0x000000000a43f000 	/usr/lib/libz.1.dylib
0x000000000a43f000 	/usr/lib/libSystem.B.dylib
0x000000000a43f000 	/usr/lib/libobjc.A.dylib
0x000000000a43f000 	/System/Library/Frameworks/CoreFoundation.framework/Versions/A/CoreFoundation
0x000000000a43f000 	/System/Library/Frameworks/Foundation.framework/Versions/C/Foundation
0x000000000a43f000 	/System/Library/Frameworks/AppKit.framework/Versions/C/AppKit
0x000000000a43f000 	/System/Library/Frameworks/CoreData.framework/Versions/A/CoreData
0x000000000a43f000 	/System/Library/PrivateFrameworks/RemoteViewServices.framework/Versions/A/RemoteViewServices
0x000000000a43f000 	/System/Library/PrivateFrameworks/UIFoundation.framework/Versions/A/UIFoundation
0x000000000a43f000 	/usr/lib/libScreenReader.dylib
0x000000000a43f000 	/System/Library/Frameworks/Accelerate.framework/Versions/A/Accelerate
0x000000000a43f000 	/System/Library/Frameworks/IOSurface.framework/Versions/A/IOSurface
0x000000000a43f000 	/System/Library/Frameworks/AudioToolbox.framework/Versions/A/AudioToolbox
0x000000000a43f000 	/System/Library/Frameworks/AudioUnit.framework/Versions/A/AudioUnit
0x000000000a43f000 	/System/Library/PrivateFrameworks/DataDetectorsCore.framework/Versions/A/DataDetectorsCore
0x000000000a43f000 	/System/Library/PrivateFrameworks/DesktopServicesPriv.framework/Versions/A/DesktopServicesPriv
0x000000000a43f000 	/System/Library/Frameworks/Carbon.framework/Versions/A/Frameworks/HIToolbox.framework/Versions/A/HIToolbox
0x000000000a43f000 	/System/Library/Frameworks/QuartzCore.framework/Versions/A/QuartzCore
0x000000000a43f000 	/System/Library/Frameworks/Carbon.framework/Versions/A/Frameworks/SpeechRecognition.framework/Versions/A/SpeechRecognition
0x000000000a43f000 	/usr/lib/libauto.dylib
0x000000000a43f000 	/usr/lib/libicucore.A.dylib
0x000000000a43f000 	/usr/lib/libxml2.2.dylib
0x000000000a43f000 	/System/Library/PrivateFrameworks/CoreUI.framework/Versions/A/CoreUI
0x000000000a43f000 	/System/Library/Frameworks/CoreAudio.framework/Versions/A/CoreAudio
0x000000000a43f000 	/System/Library/Frameworks/DiskArbitration.framework/Versions/A/DiskArbitration
0x000000000a43f000 	/usr/lib/liblangid.dylib
0x000000000a43f000 	/System/Library/PrivateFrameworks/MultitouchSupport.framework/Versions/A/MultitouchSupport
0x000000000a43f000 	/System/Library/Frameworks/IOKit.framework/Versions/A/IOKit
0x000000000a43f000 	/usr/lib/libDiagnosticMessagesClient.dylib
0x000000000a43f000 	/System/Library/Frameworks/CoreServices.framework/Versions/A/CoreServices
0x000000000a43f000 	/System/Library/PrivateFrameworks/PerformanceAnalysis.framework/Versions/A/PerformanceAnalysis
0x000000000a43f000 	/System/Library/PrivateFrameworks/GenerationalStorage.framework/Versions/A/GenerationalStorage
0x000000000a43f000 	/System/Library/Frameworks/OpenGL.framework/Versions/A/OpenGL
0x000000000a43f000 	/System/Library/PrivateFrameworks/Sharing.framework/Versions/A/Sharing
0x000000000a43f000 	/System/Library/Frameworks/CoreGraphics.framework/Versions/A/CoreGraphics
0x000000000a43f000 	/System/Library/Frameworks/CoreImage.framework/Versions/A/CoreImage
0x000000000a43f000 	/System/Library/Frameworks/CoreText.framework/Versions/A/CoreText
0x000000000a43f000 	/System/Library/Frameworks/ImageIO.framework/Versions/A/ImageIO
0x000000000a43f000 	/System/Library/PrivateFrameworks/Backup.framework/Versions/A/Backup
0x000000000a43f000 	/usr/lib/libextension.dylib
0x000000000a43f000 	/usr/lib/libarchive.2.dylib
0x000000000a43f000 	/System/Library/Frameworks/CFNetwork.framework/Versions/A/CFNetwork
0x000000000a43f000 	/System/Library/Frameworks/SystemConfiguration.framework/Versions/A/SystemConfiguration
0x000000000a43f000 	/usr/lib/libCRFSuite.dylib
0x000000000a43f000 	/usr/lib/libc++.1.dylib
0x000000000a43f000 	/usr/lib/libc++abi.dylib
0x000000000a43f000 	/usr/lib/system/libcache.dylib
0x000000000a43f000 	/usr/lib/system/libcommonCrypto.dylib
0x000000000a43f000 	/usr/lib/system/libcompiler_rt.dylib
0x000000000a43f000 	/usr/lib/system/libcopyfile.dylib
0x000000000a43f000 	/usr/lib/system/libcorecrypto.dylib
0x000000000a43f000 	/usr/lib/system/libdispatch.dylib
0x000000000a43f000 	/usr/lib/system/libdyld.dylib
0x000000000a43f000 	/usr/lib/system/libkeymgr.dylib
0x000000000a43f000 	/usr/lib/system/liblaunch.dylib
0x000000000a43f000 	/usr/lib/system/libmacho.dylib
0x000000000a43f000 	/usr/lib/system/libquarantine.dylib
0x000000000a43f000 	/usr/lib/system/libremovefile.dylib
0x000000000a43f000 	/usr/lib/system/libsystem_asl.dylib
0x000000000a43f000 	/usr/lib/system/libsystem_blocks.dylib
0x000000000a43f000 	/usr/lib/system/libsystem_c.dylib
0x000000000a43f000 	/usr/lib/system/libsystem_configuration.dylib
0x000000000a43f000 	/usr/lib/system/libsystem_coreservices.dylib
0x000000000a43f000 	/usr/lib/system/libsystem_coretls.dylib
0x000000000a43f000 	/usr/lib/system/libsystem_dnssd.dylib
0x000000000a43f000 	/usr/lib/system/libsystem_info.dylib
0x000000000a43f000 	/usr/lib/system/libsystem_kernel.dylib
0x000000000a43f000 	/usr/lib/system/libsystem_m.dylib
0x000000000a43f000 	/usr/lib/system/libsystem_malloc.dylib
0x000000000a43f000 	/usr/lib/system/libsystem_network.dylib
0x000000000a43f000 	/usr/lib/system/libsystem_networkextension.dylib
0x000000000a43f000 	/usr/lib/system/libsystem_notify.dylib
0x000000000a43f000 	/usr/lib/system/libsystem_platform.dylib
0x000000000a43f000 	/usr/lib/system/libsystem_pthread.dylib
0x000000000a43f000 	/usr/lib/system/libsystem_sandbox.dylib
0x000000000a43f000 	/usr/lib/system/libsystem_secinit.dylib
0x000000000a43f000 	/usr/lib/system/libsystem_trace.dylib
0x000000000a43f000 	/usr/lib/system/libunc.dylib
0x000000000a43f000 	/usr/lib/system/libunwind.dylib
0x000000000a43f000 	/usr/lib/system/libxpc.dylib
0x000000000a43f000 	/usr/lib/libenergytrace.dylib
0x000000000a43f000 	/usr/lib/libbsm.0.dylib
0x000000000a43f000 	/usr/lib/system/libkxld.dylib
0x000000000a43f000 	/usr/lib/libxar.1.dylib
0x000000000a43f000 	/usr/lib/libsqlite3.dylib
0x000000000a43f000 	/usr/lib/libpam.2.dylib
0x000000000a43f000 	/usr/lib/libOpenScriptingUtil.dylib
0x000000000a43f000 	/usr/lib/libbz2.1.0.dylib
0x000000000a43f000 	/usr/lib/liblzma.5.dylib
0x000000000a43f000 	/System/Library/Frameworks/CoreServices.framework/Versions/A/Frameworks/FSEvents.framework/Versions/A/FSEvents
0x000000000a43f000 	/System/Library/Frameworks/CoreServices.framework/Versions/A/Frameworks/CarbonCore.framework/Versions/A/CarbonCore
0x000000000a43f000 	/System/Library/Frameworks/CoreServices.framework/Versions/A/Frameworks/Metadata.framework/Versions/A/Metadata
0x000000000a43f000 	/System/Library/Frameworks/CoreServices.framework/Versions/A/Frameworks/OSServices.framework/Versions/A/OSServices
0x000000000a43f000 	/System/Library/Frameworks/CoreServices.framework/Versions/A/Frameworks/SearchKit.framework/Versions/A/SearchKit
0x000000000a43f000 	/System/Library/Frameworks/CoreServices.framework/Versions/A/Frameworks/AE.framework/Versions/A/AE
0x000000000a43f000 	/System/Library/Frameworks/CoreServices.framework/Versions/A/Frameworks/LaunchServices.framework/Versions/A/LaunchServices
0x000000000a43f000 	/System/Library/Frameworks/CoreServices.framework/Versions/A/Frameworks/DictionaryServices.framework/Versions/A/DictionaryServices
0x000000000a43f000 	/System/Library/Frameworks/CoreServices.framework/Versions/A/Frameworks/SharedFileList.framework/Versions/A/SharedFileList
0x000000000a43f000 	/System/Library/Frameworks/NetFS.framework/Versions/A/NetFS
0x000000000a43f000 	/System/Library/PrivateFrameworks/NetAuth.framework/Versions/A/NetAuth
0x000000000a43f000 	/System/Library/PrivateFrameworks/login.framework/Versions/A/Frameworks/loginsupport.framework/Versions/A/loginsupport
0x000000000a43f000 	/System/Library/PrivateFrameworks/TCC.framework/Versions/A/TCC
0x000000000a43f000 	/usr/lib/libmecabra.dylib
0x000000000a43f000 	/System/Library/Frameworks/ApplicationServices.framework/Versions/A/Frameworks/ATS.framework/Versions/A/ATS
0x000000000a43f000 	/System/Library/Frameworks/ApplicationServices.framework/Versions/A/Frameworks/ColorSync.framework/Versions/A/ColorSync
0x000000000a43f000 	/System/Library/Frameworks/ApplicationServices.framework/Versions/A/Frameworks/HIServices.framework/Versions/A/HIServices
0x000000000a43f000 	/System/Library/Frameworks/ApplicationServices.framework/Versions/A/Frameworks/LangAnalysis.framework/Versions/A/LangAnalysis
0x000000000a43f000 	/System/Library/Frameworks/ApplicationServices.framework/Versions/A/Frameworks/PrintCore.framework/Versions/A/PrintCore
0x000000000a43f000 	/System/Library/Frameworks/ApplicationServices.framework/Versions/A/Frameworks/QD.framework/Versions/A/QD
0x000000000a43f000 	/System/Library/Frameworks/ApplicationServices.framework/Versions/A/Frameworks/SpeechSynthesis.framework/Versions/A/SpeechSynthesis
0x000000000a43f000 	/System/Library/Frameworks/Metal.framework/Versions/A/Metal
0x000000000a43f000 	/System/Library/Frameworks/Accelerate.framework/Versions/A/Frameworks/vImage.framework/Versions/A/vImage
0x000000000a43f000 	/System/Library/Frameworks/Accelerate.framework/Versions/A/Frameworks/vecLib.framework/Versions/A/vecLib
0x000000000a43f000 	/System/Library/Frameworks/Accelerate.framework/Versions/A/Frameworks/vecLib.framework/Versions/A/libvDSP.dylib
0x000000000a43f000 	/System/Library/Frameworks/Accelerate.framework/Versions/A/Frameworks/vecLib.framework/Versions/A/libvMisc.dylib
0x000000000a43f000 	/System/Library/Frameworks/Accelerate.framework/Versions/A/Frameworks/vecLib.framework/Versions/A/libLAPACK.dylib
0x000000000a43f000 	/System/Library/Frameworks/Accelerate.framework/Versions/A/Frameworks/vecLib.framework/Versions/A/libBLAS.dylib
0x000000000a43f000 	/System/Library/Frameworks/Accelerate.framework/Versions/A/Frameworks/vecLib.framework/Versions/A/libLinearAlgebra.dylib
0x000000000a43f000 	/System/Library/Frameworks/Accelerate.framework/Versions/A/Frameworks/vecLib.framework/Versions/A/libSparseBLAS.dylib
0x000000000a43f000 	/System/Library/PrivateFrameworks/GPUCompiler.framework/libmetal_timestamp.dylib
0x000000000a43f000 	/System/Library/Frameworks/OpenGL.framework/Versions/A/Libraries/libCoreFSCache.dylib
0x000000000a43f000 	/System/Library/PrivateFrameworks/IOAccelerator.framework/Versions/A/IOAccelerator
0x000000000a43f000 	/System/Library/Frameworks/ApplicationServices.framework/Versions/A/Frameworks/ATS.framework/Versions/A/Resources/libFontParser.dylib
0x000000000a43f000 	/System/Library/Frameworks/ApplicationServices.framework/Versions/A/Frameworks/ATS.framework/Versions/A/Resources/libFontRegistry.dylib
0x000000000a43f000 	/System/Library/PrivateFrameworks/AppleVPA.framework/Versions/A/AppleVPA
0x000000000a43f000 	/System/Library/PrivateFrameworks/AppleJPEG.framework/Versions/A/AppleJPEG
0x000000000a43f000 	/System/Library/Frameworks/ImageIO.framework/Versions/A/Resources/libJPEG.dylib
0x000000000a43f000 	/System/Library/Frameworks/ImageIO.framework/Versions/A/Resources/libTIFF.dylib
0x000000000a43f000 	/System/Library/Frameworks/ImageIO.framework/Versions/A/Resources/libPng.dylib
0x000000000a43f000 	/System/Library/Frameworks/ImageIO.framework/Versions/A/Resources/libGIF.dylib
0x000000000a43f000 	/System/Library/Frameworks/ImageIO.framework/Versions/A/Resources/libJP2.dylib
0x000000000a43f000 	/System/Library/Frameworks/ImageIO.framework/Versions/A/Resources/libRadiance.dylib
0x000000000a43f000 	/System/Library/Frameworks/CoreVideo.framework/Versions/A/CoreVideo
0x000000000a43f000 	/System/Library/Frameworks/OpenGL.framework/Versions/A/Libraries/libGLU.dylib
0x000000000a43f000 	/System/Library/Frameworks/OpenGL.framework/Versions/A/Libraries/libGFXShared.dylib
0x000000000a43f000 	/System/Library/Frameworks/OpenGL.framework/Versions/A/Libraries/libGL.dylib
0x000000000a43f000 	/System/Library/Frameworks/OpenGL.framework/Versions/A/Libraries/libGLImage.dylib
0x000000000a43f000 	/System/Library/Frameworks/OpenGL.framework/Versions/A/Libraries/libCVMSPluginSupport.dylib
0x000000000a43f000 	/System/Library/Frameworks/OpenGL.framework/Versions/A/Libraries/libCoreVMClient.dylib
0x000000000a43f000 	/usr/lib/libcompression.dylib
0x000000000a43f000 	/usr/lib/libcups.2.dylib
0x000000000a43f000 	/System/Library/Frameworks/Kerberos.framework/Versions/A/Kerberos
0x000000000a43f000 	/System/Library/Frameworks/GSS.framework/Versions/A/GSS
0x000000000a43f000 	/usr/lib/libresolv.9.dylib
0x000000000a43f000 	/usr/lib/libiconv.2.dylib
0x000000000a43f000 	/System/Library/PrivateFrameworks/Heimdal.framework/Versions/A/Heimdal
0x000000000a43f000 	/usr/lib/libheimdal-asn1.dylib
0x000000000a43f000 	/System/Library/Frameworks/OpenDirectory.framework/Versions/A/OpenDirectory
0x000000000a43f000 	/System/Library/PrivateFrameworks/CommonAuth.framework/Versions/A/CommonAuth
0x000000000a43f000 	/System/Library/Frameworks/OpenDirectory.framework/Versions/A/Frameworks/CFOpenDirectory.framework/Versions/A/CFOpenDirectory
0x000000000a43f000 	/System/Library/Frameworks/SecurityFoundation.framework/Versions/A/SecurityFoundation
0x000000000a43f000 	/System/Library/PrivateFrameworks/LanguageModeling.framework/Versions/A/LanguageModeling
0x000000000a43f000 	/usr/lib/libmarisa.dylib
0x000000000a43f000 	/usr/lib/libChineseTokenizer.dylib
0x000000000a43f000 	/usr/lib/libcmph.dylib
0x000000000a43f000 	/System/Library/Frameworks/ServiceManagement.framework/Versions/A/ServiceManagement
0x000000000a43f000 	/usr/lib/libxslt.1.dylib
0x000000000a43f000 	/System/Library/Frameworks/Carbon.framework/Versions/A/Frameworks/Ink.framework/Versions/A/Ink
0x000000000a43f000 	/usr/lib/libFosl_dynamic.dylib
0x000000000a43f000 	/System/Library/PrivateFrameworks/FaceCore.framework/Versions/A/FaceCore
0x000000000a43f000 	/System/Library/Frameworks/OpenCL.framework/Versions/A/OpenCL
0x000000000a43f000 	/System/Library/PrivateFrameworks/CrashReporterSupport.framework/Versions/A/CrashReporterSupport
0x000000000a43f000 	/System/Library/PrivateFrameworks/IconServices.framework/Versions/A/IconServices
0x000000000a43f000 	/System/Library/PrivateFrameworks/Apple80211.framework/Versions/A/Apple80211
0x000000000a43f000 	/System/Library/Frameworks/CoreWLAN.framework/Versions/A/CoreWLAN
0x000000000a43f000 	/System/Library/Frameworks/IOBluetooth.framework/Versions/A/IOBluetooth
0x000000000a43f000 	/System/Library/PrivateFrameworks/CoreWiFi.framework/Versions/A/CoreWiFi
0x000000000a43f000 	/System/Library/Frameworks/CoreBluetooth.framework/Versions/A/CoreBluetooth
0x000000000a43f000 	/System/Library/PrivateFrameworks/ChunkingLibrary.framework/Versions/A/ChunkingLibrary
0x000000000a43f000 	/System/Library/PrivateFrameworks/DebugSymbols.framework/Versions/A/DebugSymbols
0x000000000a43f000 	/System/Library/PrivateFrameworks/CoreSymbolication.framework/Versions/A/CoreSymbolication
0x000000000a43f000 	/System/Library/PrivateFrameworks/Symbolication.framework/Versions/A/Symbolication
0x000000000a43f000 	/System/Library/PrivateFrameworks/SpeechRecognitionCore.framework/Versions/A/SpeechRecognitionCore
0x000000010d800000 	/Library/Java/JavaVirtualMachines/jdk1.8.0_77.jdk/Contents/Home/jre/lib/server/libjvm.dylib
0x000000000a43f000 	/usr/lib/libstdc++.6.dylib
0x000000010c60b000 	/Library/Java/JavaVirtualMachines/jdk1.8.0_77.jdk/Contents/Home/jre/lib/libverify.dylib
0x000000010c619000 	/Library/Java/JavaVirtualMachines/jdk1.8.0_77.jdk/Contents/Home/jre/lib/libjava.dylib
0x000000010c64f000 	/Library/Java/JavaVirtualMachines/jdk1.8.0_77.jdk/Contents/Home/jre/lib/libjdwp.dylib
0x000000010c69a000 	/Library/Java/JavaVirtualMachines/jdk1.8.0_77.jdk/Contents/Home/jre/lib/libnpt.dylib
0x000000010c6a7000 	/Library/Java/JavaVirtualMachines/jdk1.8.0_77.jdk/Contents/Home/jre/lib/libzip.dylib
0x00000001296fb000 	/System/Library/Frameworks/JavaVM.framework/Frameworks/JavaRuntimeSupport.framework/JavaRuntimeSupport
0x0000000129716000 	/System/Library/Frameworks/JavaVM.framework/Versions/A/Frameworks/JavaNativeFoundation.framework/Versions/A/JavaNativeFoundation
0x000000012972b000 	/System/Library/Frameworks/JavaVM.framework/Versions/A/JavaVM
0x000000000a43f000 	/System/Library/Frameworks/Carbon.framework/Versions/A/Carbon
0x0000000129738000 	/System/Library/PrivateFrameworks/JavaLaunching.framework/Versions/A/JavaLaunching
0x000000000a43f000 	/System/Library/Frameworks/Carbon.framework/Versions/A/Frameworks/CommonPanels.framework/Versions/A/CommonPanels
0x000000000a43f000 	/System/Library/Frameworks/Carbon.framework/Versions/A/Frameworks/Help.framework/Versions/A/Help
0x000000000a43f000 	/System/Library/Frameworks/Carbon.framework/Versions/A/Frameworks/ImageCapture.framework/Versions/A/ImageCapture
0x000000000a43f000 	/System/Library/Frameworks/Carbon.framework/Versions/A/Frameworks/OpenScripting.framework/Versions/A/OpenScripting
0x000000000a43f000 	/System/Library/Frameworks/Carbon.framework/Versions/A/Frameworks/Print.framework/Versions/A/Print
0x000000000a43f000 	/System/Library/Frameworks/Carbon.framework/Versions/A/Frameworks/SecurityHI.framework/Versions/A/SecurityHI
0x000000012b057000 	/Library/Java/JavaVirtualMachines/jdk1.8.0_77.jdk/Contents/Home/jre/lib/libdt_socket.dylib

VM Arguments:
jvm_args: -agentlib:jdwp=transport=dt_socket,suspend=y,address=localhost:56960 -Dfile.encoding=UTF-8 
java_command: csula.cs4660.games.Player
java_class_path (initial): /Users/mohan/Documents/AILatest/bin:/Users/mohan/.gradle/caches/modules-2/files-2.1/com.fasterxml.jackson.core/jackson-annotations/2.8.0/45b426f7796b741035581a176744d91090e2e6fb/jackson-annotations-2.8.0.jar:/Users/mohan/.gradle/caches/modules-2/files-2.1/com.fasterxml.jackson.core/jackson-core/2.8.3/5e1dc37c96308851c3ff609c250dc849c4b12022/jackson-core-2.8.3.jar:/Users/mohan/.gradle/caches/modules-2/files-2.1/com.fasterxml.jackson.core/jackson-databind/2.8.3/cea3788c72271d45676ce32c0665991674b24cc5/jackson-databind-2.8.3.jar:/Users/mohan/.gradle/caches/modules-2/files-2.1/com.google.guava/guava/19.0/6ce200f6b23222af3d8abb6b6459e6c44f4bb0e9/guava-19.0.jar:/Users/mohan/.gradle/caches/modules-2/files-2.1/com.mashape.unirest/unirest-java/1.4.9/778cffcba803dc7d43932266aef4c91f5b6b4dd0/unirest-java-1.4.9.jar:/Users/mohan/.gradle/caches/modules-2/files-2.1/commons-codec/commons-codec/1.9/9ce04e34240f674bc72680f8b843b1457383161a/commons-codec-1.9.jar:/Users/mohan/.gradle/caches/modules-2/files-2.1/commons-logging/commons-logging/1.2/4bfc12adfe4842bf07b657f0369c4cb522955686/commons-logging-1.2.jar:/Users/mohan/.gradle/caches/modules-2/files-2.1/junit/junit/4.11/4e031bb61df09069aeb2bffb4019e7a5034a4ee0/junit-4.11.jar:/Users/mohan/.gradle/caches/modules-2/files-2.1/org.apache.commons/commons-lang3/3.0/8873bd0bb5cb9ee37f1b04578eb7e26fcdd44cb0/commons-lang3-3.0.jar:/Users/mohan/.gradle/caches/modules-2/files-2.1/org.apache.httpcomponents/httpasyncclient/4.1.1/dd624f5a0ff43eb5cdf828d9739d3177ee00a5a9/httpasyncclient-4.1.1.jar:/Users/mohan/.gradle/caches/modules-2/files-2.1/org.apache.httpcomponents/httpclient/4.5.2/733db77aa8d9b2d68015189df76ab06304406e50/httpclient-4.5.2.jar:/Users/mohan/.gradle/caches/modules-2/files-2.1/org.apache.httpcomponents/httpcore-nio/4.4.4/16badfc2d99db264c486ba8c57ae577301a58bd9/httpcore-nio-4.4.4.jar:/Users/mohan/.gradle/caches/modules-2/files-2.1/org.apache.httpcomponents/httpcore/4.4.4/b31526a230871fbe285fbcbe2813f9c08
Launcher Type: SUN_STANDARD

Environment Variables:
PATH=/usr/bin:/bin:/usr/sbin:/sbin
SHELL=/bin/bash

Signal Handlers:
SIGSEGV: [libjvm.dylib+0x5a6855], sa_mask[0]=11111111011111110111111111111111, sa_flags=SA_ONSTACK|SA_RESTART|SA_SIGINFO
SIGBUS: [libjvm.dylib+0x5a6855], sa_mask[0]=11111111011111110111111111111111, sa_flags=SA_RESTART|SA_SIGINFO
SIGFPE: [libjvm.dylib+0x4804ec], sa_mask[0]=11111111011111110111111111111111, sa_flags=SA_RESTART|SA_SIGINFO
SIGPIPE: [libjvm.dylib+0x4804ec], sa_mask[0]=11111111011111110111111111111111, sa_flags=SA_RESTART|SA_SIGINFO
SIGXFSZ: [libjvm.dylib+0x4804ec], sa_mask[0]=11111111011111110111111111111111, sa_flags=SA_RESTART|SA_SIGINFO
SIGILL: [libjvm.dylib+0x4804ec], sa_mask[0]=11111111011111110111111111111111, sa_flags=SA_RESTART|SA_SIGINFO
SIGUSR1: SIG_DFL, sa_mask[0]=00000000000000000000000000000000, sa_flags=none
SIGUSR2: [libjvm.dylib+0x48000a], sa_mask[0]=00100000000000000000000000000000, sa_flags=SA_RESTART|SA_SIGINFO
SIGHUP: [libjvm.dylib+0x47e5e1], sa_mask[0]=11111111011111110111111111111111, sa_flags=SA_RESTART|SA_SIGINFO
SIGINT: [libjvm.dylib+0x47e5e1], sa_mask[0]=11111111011111110111111111111111, sa_flags=SA_RESTART|SA_SIGINFO
SIGTERM: [libjvm.dylib+0x47e5e1], sa_mask[0]=11111111011111110111111111111111, sa_flags=SA_RESTART|SA_SIGINFO
SIGQUIT: [libjvm.dylib+0x47e5e1], sa_mask[0]=11111111011111110111111111111111, sa_flags=SA_RESTART|SA_SIGINFO


---------------  S Y S T E M  ---------------

OS:Bsduname:Darwin 15.6.0 Darwin Kernel Version 15.6.0: Thu Jun 23 18:25:34 PDT 2016; root:xnu-3248.60.10~1/RELEASE_X86_64 x86_64
rlimit: STACK 8192k, CORE 0k, NPROC 709, NOFILE 10240, AS infinity
load average:1.80 1.72 1.63

CPU:total 8 (4 cores per cpu, 2 threads per core) family 6 model 70 stepping 1, cmov, cx8, fxsr, mmx, sse, sse2, sse3, ssse3, sse4.1, sse4.2, popcnt, avx, avx2, aes, clmul, erms, lzcnt, ht, tsc, tscinvbit, bmi1, bmi2

Memory: 4k page, physical 16777216k(1329944k free)

/proc/meminfo:


vm_info: Java HotSpot(TM) 64-Bit Server VM (25.77-b03) for bsd-amd64 JRE (1.8.0_77-b03), built on Mar 20 2016 22:14:03 by "java_re" with gcc 4.2.1 (Based on Apple Inc. build 5658) (LLVM build 2336.11.00)

time: Fri Dec  2 20:36:37 2016
elapsed time: 2208 seconds (0d 0h 36m 48s)

